INFO 2026-04-20 09:48:05,093 autoreload Watching for file changes with StatReloader
INFO 2026-04-20 09:48:10,522 log "GET / HTTP/1.1" 200 21197
ERROR 2026-04-20 09:48:11,737 log Internal Server Error: /api/annonces/
Traceback (most recent call last):
  File "C:\Users\TOSHIBA\cabinet_django\venv\Lib\site-packages\django\db\backends\utils.py", line 105, in _execute
    return self.cursor.execute(sql, params)
           ~~~~~~~~~~~~~~~~~~~^^^^^^^^^^^^^
  File "C:\Users\TOSHIBA\cabinet_django\venv\Lib\site-packages\django\db\backends\sqlite3\base.py", line 359, in execute
    return super().execute(query, params)
           ~~~~~~~~~~~~~~~^^^^^^^^^^^^^^^
sqlite3.OperationalError: no such table: annonces_annonce

The above exception was the direct cause of the following exception:

Traceback (most recent call last):
  File "C:\Users\TOSHIBA\cabinet_django\venv\Lib\site-packages\django\core\handlers\exception.py", line 55, in inner
    response = get_response(request)
  File "C:\Users\TOSHIBA\cabinet_django\venv\Lib\site-packages\django\core\handlers\base.py", line 198, in _get_response
    response = wrapped_callback(request, *callback_args, **callback_kwargs)
  File "C:\Users\TOSHIBA\cabinet_django\annonces\views.py", line 26, in api_annonces
    for a in annonces:
             ^^^^^^^^
  File "C:\Users\TOSHIBA\cabinet_django\venv\Lib\site-packages\django\db\models\query.py", line 390, in __iter__
    self._fetch_all()
    ~~~~~~~~~~~~~~~^^
  File "C:\Users\TOSHIBA\cabinet_django\venv\Lib\site-packages\django\db\models\query.py", line 2000, in _fetch_all
    self._result_cache = list(self._iterable_class(self))
                         ~~~~^^^^^^^^^^^^^^^^^^^^^^^^^^^^
  File "C:\Users\TOSHIBA\cabinet_django\venv\Lib\site-packages\django\db\models\query.py", line 95, in __iter__
    results = compiler.execute_sql(
        chunked_fetch=self.chunked_fetch, chunk_size=self.chunk_size
    )
  File "C:\Users\TOSHIBA\cabinet_django\venv\Lib\site-packages\django\db\models\sql\compiler.py", line 1624, in execute_sql
    cursor.execute(sql, params)
    ~~~~~~~~~~~~~~^^^^^^^^^^^^^
  File "C:\Users\TOSHIBA\cabinet_django\venv\Lib\site-packages\django\db\backends\utils.py", line 122, in execute
    return super().execute(sql, params)
           ~~~~~~~~~~~~~~~^^^^^^^^^^^^^
  File "C:\Users\TOSHIBA\cabinet_django\venv\Lib\site-packages\django\db\backends\utils.py", line 79, in execute
    return self._execute_with_wrappers(
           ~~~~~~~~~~~~~~~~~~~~~~~~~~~^
        sql, params, many=False, executor=self._execute
        ^^^^^^^^^^^^^^^^^^^^^^^^^^^^^^^^^^^^^^^^^^^^^^^
    )
    ^
  File "C:\Users\TOSHIBA\cabinet_django\venv\Lib\site-packages\django\db\backends\utils.py", line 92, in _execute_with_wrappers
    return executor(sql, params, many, context)
  File "C:\Users\TOSHIBA\cabinet_django\venv\Lib\site-packages\django\db\backends\utils.py", line 100, in _execute
    with self.db.wrap_database_errors:
         ^^^^^^^^^^^^^^^^^^^^^^^^^^^^
  File "C:\Users\TOSHIBA\cabinet_django\venv\Lib\site-packages\django\db\utils.py", line 94, in __exit__
    raise dj_exc_value.with_traceback(traceback) from exc_value
  File "C:\Users\TOSHIBA\cabinet_django\venv\Lib\site-packages\django\db\backends\utils.py", line 105, in _execute
    return self.cursor.execute(sql, params)
           ~~~~~~~~~~~~~~~~~~~^^^^^^^^^^^^^
  File "C:\Users\TOSHIBA\cabinet_django\venv\Lib\site-packages\django\db\backends\sqlite3\base.py", line 359, in execute
    return super().execute(query, params)
           ~~~~~~~~~~~~~~~^^^^^^^^^^^^^^^
django.db.utils.OperationalError: no such table: annonces_annonce
ERROR 2026-04-20 09:48:11,770 log "GET /api/annonces/ HTTP/1.1" 500 136139
INFO 2026-04-20 09:48:30,224 log "GET /admin-cabinet-bou-2024/ HTTP/1.1" 302 0
INFO 2026-04-20 09:48:30,236 log "GET /accounts/login/?next=/admin-cabinet-bou-2024/ HTTP/1.1" 200 3124
INFO 2026-04-20 09:48:55,006 log "POST /accounts/login/?next=/admin-cabinet-bou-2024/ HTTP/1.1" 302 0
INFO 2026-04-20 09:48:55,033 log "GET /admin-cabinet-bou-2024/ HTTP/1.1" 200 21315
ERROR 2026-04-20 09:48:55,447 log Internal Server Error: /api/annonces/
Traceback (most recent call last):
  File "C:\Users\TOSHIBA\cabinet_django\venv\Lib\site-packages\django\db\backends\utils.py", line 105, in _execute
    return self.cursor.execute(sql, params)
           ~~~~~~~~~~~~~~~~~~~^^^^^^^^^^^^^
  File "C:\Users\TOSHIBA\cabinet_django\venv\Lib\site-packages\django\db\backends\sqlite3\base.py", line 359, in execute
    return super().execute(query, params)
           ~~~~~~~~~~~~~~~^^^^^^^^^^^^^^^
sqlite3.OperationalError: no such table: annonces_annonce

The above exception was the direct cause of the following exception:

Traceback (most recent call last):
  File "C:\Users\TOSHIBA\cabinet_django\venv\Lib\site-packages\django\core\handlers\exception.py", line 55, in inner
    response = get_response(request)
  File "C:\Users\TOSHIBA\cabinet_django\venv\Lib\site-packages\django\core\handlers\base.py", line 198, in _get_response
    response = wrapped_callback(request, *callback_args, **callback_kwargs)
  File "C:\Users\TOSHIBA\cabinet_django\annonces\views.py", line 26, in api_annonces
    for a in annonces:
             ^^^^^^^^
  File "C:\Users\TOSHIBA\cabinet_django\venv\Lib\site-packages\django\db\models\query.py", line 390, in __iter__
    self._fetch_all()
    ~~~~~~~~~~~~~~~^^
  File "C:\Users\TOSHIBA\cabinet_django\venv\Lib\site-packages\django\db\models\query.py", line 2000, in _fetch_all
    self._result_cache = list(self._iterable_class(self))
                         ~~~~^^^^^^^^^^^^^^^^^^^^^^^^^^^^
  File "C:\Users\TOSHIBA\cabinet_django\venv\Lib\site-packages\django\db\models\query.py", line 95, in __iter__
    results = compiler.execute_sql(
        chunked_fetch=self.chunked_fetch, chunk_size=self.chunk_size
    )
  File "C:\Users\TOSHIBA\cabinet_django\venv\Lib\site-packages\django\db\models\sql\compiler.py", line 1624, in execute_sql
    cursor.execute(sql, params)
    ~~~~~~~~~~~~~~^^^^^^^^^^^^^
  File "C:\Users\TOSHIBA\cabinet_django\venv\Lib\site-packages\django\db\backends\utils.py", line 122, in execute
    return super().execute(sql, params)
           ~~~~~~~~~~~~~~~^^^^^^^^^^^^^
  File "C:\Users\TOSHIBA\cabinet_django\venv\Lib\site-packages\django\db\backends\utils.py", line 79, in execute
    return self._execute_with_wrappers(
           ~~~~~~~~~~~~~~~~~~~~~~~~~~~^
        sql, params, many=False, executor=self._execute
        ^^^^^^^^^^^^^^^^^^^^^^^^^^^^^^^^^^^^^^^^^^^^^^^
    )
    ^
  File "C:\Users\TOSHIBA\cabinet_django\venv\Lib\site-packages\django\db\backends\utils.py", line 92, in _execute_with_wrappers
    return executor(sql, params, many, context)
  File "C:\Users\TOSHIBA\cabinet_django\venv\Lib\site-packages\django\db\backends\utils.py", line 100, in _execute
    with self.db.wrap_database_errors:
         ^^^^^^^^^^^^^^^^^^^^^^^^^^^^
  File "C:\Users\TOSHIBA\cabinet_django\venv\Lib\site-packages\django\db\utils.py", line 94, in __exit__
    raise dj_exc_value.with_traceback(traceback) from exc_value
  File "C:\Users\TOSHIBA\cabinet_django\venv\Lib\site-packages\django\db\backends\utils.py", line 105, in _execute
    return self.cursor.execute(sql, params)
           ~~~~~~~~~~~~~~~~~~~^^^^^^^^^^^^^
  File "C:\Users\TOSHIBA\cabinet_django\venv\Lib\site-packages\django\db\backends\sqlite3\base.py", line 359, in execute
    return super().execute(query, params)
           ~~~~~~~~~~~~~~~^^^^^^^^^^^^^^^
django.db.utils.OperationalError: no such table: annonces_annonce
ERROR 2026-04-20 09:48:55,482 log "GET /api/annonces/ HTTP/1.1" 500 136305
WARNING 2026-04-20 09:59:31,099 log Bad Request: /api/annonces/creer/
WARNING 2026-04-20 09:59:31,100 log "POST /api/annonces/creer/ HTTP/1.1" 400 44
WARNING 2026-04-20 09:59:35,505 log Bad Request: /api/annonces/creer/
WARNING 2026-04-20 09:59:35,506 log "POST /api/annonces/creer/ HTTP/1.1" 400 44
WARNING 2026-04-20 09:59:41,271 log Bad Request: /api/annonces/creer/
WARNING 2026-04-20 09:59:41,272 log "POST /api/annonces/creer/ HTTP/1.1" 400 44
INFO 2026-04-20 10:17:02,403 autoreload Watching for file changes with StatReloader
INFO 2026-04-20 10:17:08,584 log "GET / HTTP/1.1" 200 21197
INFO 2026-04-20 10:17:08,816 log "GET /static/annonces/css/style.css HTTP/1.1" 304 0
INFO 2026-04-20 10:17:08,817 log "GET /static/annonces/js/script.js HTTP/1.1" 304 0
INFO 2026-04-20 10:17:08,880 log "GET /api/annonces/ HTTP/1.1" 200 2
INFO 2026-04-20 10:17:16,134 log "GET /admin-cabinet-bou-2024/ HTTP/1.1" 302 0
INFO 2026-04-20 10:17:16,151 log "GET /accounts/login/?next=/admin-cabinet-bou-2024/ HTTP/1.1" 200 3124
INFO 2026-04-20 10:17:47,904 log "POST /accounts/login/?next=/admin-cabinet-bou-2024/ HTTP/1.1" 302 0
INFO 2026-04-20 10:17:47,936 log "GET /admin-cabinet-bou-2024/ HTTP/1.1" 200 21315
INFO 2026-04-20 10:17:48,125 log "GET /api/annonces/ HTTP/1.1" 200 2
INFO 2026-04-20 10:18:57,497 log "POST /api/annonces/creer/ HTTP/1.1" 200 31
INFO 2026-04-20 10:18:57,538 log "GET /api/annonces/ HTTP/1.1" 200 696
INFO 2026-04-20 10:20:20,481 log "POST /api/annonce/A001/commentaire/ HTTP/1.1" 200 17
INFO 2026-04-20 10:20:20,498 log "GET /api/annonces/ HTTP/1.1" 200 768
INFO 2026-04-20 10:23:35,747 log "GET / HTTP/1.1" 200 21197
INFO 2026-04-20 10:23:35,876 log "GET /api/annonces/ HTTP/1.1" 200 768
INFO 2026-04-20 10:23:42,031 log "GET /admin-cabinet-bou-2024/ HTTP/1.1" 200 21315
INFO 2026-04-20 10:23:42,301 log "GET /api/annonces/ HTTP/1.1" 200 768
INFO 2026-04-20 11:45:16,689 autoreload C:\Users\TOSHIBA\cabinet_django\annonces\models.py changed, reloading.
INFO 2026-04-20 11:45:19,319 autoreload Watching for file changes with StatReloader
INFO 2026-04-20 11:51:15,008 autoreload Watching for file changes with StatReloader
INFO 2026-04-20 11:51:36,960 log "GET / HTTP/1.1" 200 21197
ERROR 2026-04-20 11:51:44,134 log Internal Server Error: /api/annonces/
Traceback (most recent call last):
  File "C:\Users\TOSHIBA\cabinet_django\venv\Lib\site-packages\django\core\handlers\exception.py", line 55, in inner
    response = get_response(request)
  File "C:\Users\TOSHIBA\cabinet_django\venv\Lib\site-packages\django\core\handlers\base.py", line 198, in _get_response
    response = wrapped_callback(request, *callback_args, **callback_kwargs)
  File "C:\Users\TOSHIBA\cabinet_django\annonces\views.py", line 27, in api_annonces
    images_urls = [img.url for img in a.images.all()]
                   ^^^^^^^
AttributeError: 'Image' object has no attribute 'url'
ERROR 2026-04-20 11:51:44,138 log "GET /api/annonces/ HTTP/1.1" 500 69304
INFO 2026-04-20 11:52:42,871 log "GET /admin-cabinet-bou-2024/ HTTP/1.1" 200 21315
ERROR 2026-04-20 11:52:44,053 log Internal Server Error: /api/annonces/
Traceback (most recent call last):
  File "C:\Users\TOSHIBA\cabinet_django\venv\Lib\site-packages\django\core\handlers\exception.py", line 55, in inner
    response = get_response(request)
  File "C:\Users\TOSHIBA\cabinet_django\venv\Lib\site-packages\django\core\handlers\base.py", line 198, in _get_response
    response = wrapped_callback(request, *callback_args, **callback_kwargs)
  File "C:\Users\TOSHIBA\cabinet_django\annonces\views.py", line 27, in api_annonces
    images_urls = [img.url for img in a.images.all()]
                   ^^^^^^^
AttributeError: 'Image' object has no attribute 'url'
ERROR 2026-04-20 11:52:44,064 log "GET /api/annonces/ HTTP/1.1" 500 69327
INFO 2026-04-20 11:52:58,125 log "GET / HTTP/1.1" 200 21197
ERROR 2026-04-20 11:52:58,287 log Internal Server Error: /api/annonces/
Traceback (most recent call last):
  File "C:\Users\TOSHIBA\cabinet_django\venv\Lib\site-packages\django\core\handlers\exception.py", line 55, in inner
    response = get_response(request)
  File "C:\Users\TOSHIBA\cabinet_django\venv\Lib\site-packages\django\core\handlers\base.py", line 198, in _get_response
    response = wrapped_callback(request, *callback_args, **callback_kwargs)
  File "C:\Users\TOSHIBA\cabinet_django\annonces\views.py", line 27, in api_annonces
    images_urls = [img.url for img in a.images.all()]
                   ^^^^^^^
AttributeError: 'Image' object has no attribute 'url'
ERROR 2026-04-20 11:52:58,292 log "GET /api/annonces/ HTTP/1.1" 500 69448
INFO 2026-04-20 11:53:21,983 log "GET /admin-cabinet-bou-2024/ HTTP/1.1" 200 21315
ERROR 2026-04-20 11:53:22,848 log Internal Server Error: /api/annonces/
Traceback (most recent call last):
  File "C:\Users\TOSHIBA\cabinet_django\venv\Lib\site-packages\django\core\handlers\exception.py", line 55, in inner
    response = get_response(request)
  File "C:\Users\TOSHIBA\cabinet_django\venv\Lib\site-packages\django\core\handlers\base.py", line 198, in _get_response
    response = wrapped_callback(request, *callback_args, **callback_kwargs)
  File "C:\Users\TOSHIBA\cabinet_django\annonces\views.py", line 27, in api_annonces
    images_urls = [img.url for img in a.images.all()]
                   ^^^^^^^
AttributeError: 'Image' object has no attribute 'url'
ERROR 2026-04-20 11:53:22,853 log "GET /api/annonces/ HTTP/1.1" 500 69471
INFO 2026-04-20 11:53:26,553 log "GET /accounts/login/ HTTP/1.1" 200 3124
INFO 2026-04-20 11:53:34,214 log "GET /admin-cabinet-bou-2024/ HTTP/1.1" 200 21315
ERROR 2026-04-20 11:53:34,749 log Internal Server Error: /api/annonces/
Traceback (most recent call last):
  File "C:\Users\TOSHIBA\cabinet_django\venv\Lib\site-packages\django\core\handlers\exception.py", line 55, in inner
    response = get_response(request)
  File "C:\Users\TOSHIBA\cabinet_django\venv\Lib\site-packages\django\core\handlers\base.py", line 198, in _get_response
    response = wrapped_callback(request, *callback_args, **callback_kwargs)
  File "C:\Users\TOSHIBA\cabinet_django\annonces\views.py", line 27, in api_annonces
    images_urls = [img.url for img in a.images.all()]
                   ^^^^^^^
AttributeError: 'Image' object has no attribute 'url'
ERROR 2026-04-20 11:53:34,760 log "GET /api/annonces/ HTTP/1.1" 500 69471
INFO 2026-04-20 12:01:25,740 autoreload Watching for file changes with StatReloader
INFO 2026-04-20 12:01:33,927 log "GET / HTTP/1.1" 200 21197
INFO 2026-04-20 12:01:34,215 log "GET /static/annonces/css/style.css HTTP/1.1" 304 0
INFO 2026-04-20 12:01:34,902 log "GET /static/annonces/js/script.js HTTP/1.1" 200 33826
ERROR 2026-04-20 12:01:35,242 log Internal Server Error: /api/annonces/
Traceback (most recent call last):
  File "C:\Users\TOSHIBA\cabinet_django\venv\Lib\site-packages\django\core\handlers\exception.py", line 55, in inner
    response = get_response(request)
  File "C:\Users\TOSHIBA\cabinet_django\venv\Lib\site-packages\django\core\handlers\base.py", line 198, in _get_response
    response = wrapped_callback(request, *callback_args, **callback_kwargs)
  File "C:\Users\TOSHIBA\cabinet_django\annonces\views.py", line 27, in api_annonces
    images_urls = [img.url for img in a.images.all()]
                   ^^^^^^^
AttributeError: 'Image' object has no attribute 'url'
ERROR 2026-04-20 12:01:35,247 log "GET /api/annonces/ HTTP/1.1" 500 69304
INFO 2026-04-20 12:01:42,086 log "GET /admin-cabinet-bou-2024/ HTTP/1.1" 200 21315
INFO 2026-04-20 12:01:42,119 log "GET /static/annonces/js/script.js HTTP/1.1" 304 0
ERROR 2026-04-20 12:01:42,716 log Internal Server Error: /api/annonces/
Traceback (most recent call last):
  File "C:\Users\TOSHIBA\cabinet_django\venv\Lib\site-packages\django\core\handlers\exception.py", line 55, in inner
    response = get_response(request)
  File "C:\Users\TOSHIBA\cabinet_django\venv\Lib\site-packages\django\core\handlers\base.py", line 198, in _get_response
    response = wrapped_callback(request, *callback_args, **callback_kwargs)
  File "C:\Users\TOSHIBA\cabinet_django\annonces\views.py", line 27, in api_annonces
    images_urls = [img.url for img in a.images.all()]
                   ^^^^^^^
AttributeError: 'Image' object has no attribute 'url'
ERROR 2026-04-20 12:01:42,720 log "GET /api/annonces/ HTTP/1.1" 500 69471
INFO 2026-04-20 12:04:04,567 autoreload C:\Users\TOSHIBA\cabinet_django\annonces\admin.py changed, reloading.
INFO 2026-04-20 12:04:06,407 autoreload Watching for file changes with StatReloader
INFO 2026-04-20 12:04:09,381 autoreload C:\Users\TOSHIBA\cabinet_django\annonces\admin.py changed, reloading.
INFO 2026-04-20 12:04:10,675 autoreload Watching for file changes with StatReloader
INFO 2026-04-20 12:04:14,540 autoreload C:\Users\TOSHIBA\cabinet_django\annonces\admin.py changed, reloading.
INFO 2026-04-20 12:04:16,017 autoreload Watching for file changes with StatReloader
INFO 2026-04-20 12:05:32,280 autoreload C:\Users\TOSHIBA\cabinet_django\App\settings.py changed, reloading.
INFO 2026-04-20 12:05:33,644 autoreload Watching for file changes with StatReloader
INFO 2026-04-20 12:06:55,629 autoreload C:\Users\TOSHIBA\cabinet_django\App\urls.py changed, reloading.
INFO 2026-04-20 12:06:57,081 autoreload Watching for file changes with StatReloader
INFO 2026-04-20 12:07:34,888 log "GET /admin-cabinet-bou-2024/ HTTP/1.1" 200 21315
INFO 2026-04-20 12:07:35,143 log "GET /static/annonces/js/script.js HTTP/1.1" 200 33826
ERROR 2026-04-20 12:07:35,390 log Internal Server Error: /api/annonces/
Traceback (most recent call last):
  File "C:\Users\TOSHIBA\cabinet_django\venv\Lib\site-packages\django\core\handlers\exception.py", line 55, in inner
    response = get_response(request)
  File "C:\Users\TOSHIBA\cabinet_django\venv\Lib\site-packages\django\core\handlers\base.py", line 198, in _get_response
    response = wrapped_callback(request, *callback_args, **callback_kwargs)
  File "C:\Users\TOSHIBA\cabinet_django\annonces\views.py", line 27, in api_annonces
    images_urls = [img.url for img in a.images.all()]
                   ^^^^^^^
AttributeError: 'Image' object has no attribute 'url'
ERROR 2026-04-20 12:07:35,399 log "GET /api/annonces/ HTTP/1.1" 500 69374
INFO 2026-04-20 12:09:51,803 autoreload Watching for file changes with StatReloader
INFO 2026-04-20 12:10:03,207 log "GET / HTTP/1.1" 200 21197
INFO 2026-04-20 12:10:03,429 log "GET /static/annonces/js/script.js HTTP/1.1" 304 0
ERROR 2026-04-20 12:10:03,567 log Internal Server Error: /api/annonces/
Traceback (most recent call last):
  File "C:\Users\TOSHIBA\cabinet_django\venv\Lib\site-packages\django\core\handlers\exception.py", line 55, in inner
    response = get_response(request)
  File "C:\Users\TOSHIBA\cabinet_django\venv\Lib\site-packages\django\core\handlers\base.py", line 198, in _get_response
    response = wrapped_callback(request, *callback_args, **callback_kwargs)
  File "C:\Users\TOSHIBA\cabinet_django\annonces\views.py", line 27, in api_annonces
    images_urls = [img.url for img in a.images.all()]
                   ^^^^^^^
AttributeError: 'Image' object has no attribute 'url'
ERROR 2026-04-20 12:10:03,591 log "GET /api/annonces/ HTTP/1.1" 500 69351
INFO 2026-04-20 12:10:10,120 log "GET /admin-cabinet-bou-2024/ HTTP/1.1" 200 21315
ERROR 2026-04-20 12:10:10,424 log Internal Server Error: /api/annonces/
Traceback (most recent call last):
  File "C:\Users\TOSHIBA\cabinet_django\venv\Lib\site-packages\django\core\handlers\exception.py", line 55, in inner
    response = get_response(request)
  File "C:\Users\TOSHIBA\cabinet_django\venv\Lib\site-packages\django\core\handlers\base.py", line 198, in _get_response
    response = wrapped_callback(request, *callback_args, **callback_kwargs)
  File "C:\Users\TOSHIBA\cabinet_django\annonces\views.py", line 27, in api_annonces
    images_urls = [img.url for img in a.images.all()]
                   ^^^^^^^
AttributeError: 'Image' object has no attribute 'url'
ERROR 2026-04-20 12:10:10,429 log "GET /api/annonces/ HTTP/1.1" 500 69518
INFO 2026-04-20 12:10:23,948 log "GET /admin-cabinet-bou-2024/ HTTP/1.1" 200 21315
ERROR 2026-04-20 12:10:24,070 log Internal Server Error: /api/annonces/
Traceback (most recent call last):
  File "C:\Users\TOSHIBA\cabinet_django\venv\Lib\site-packages\django\core\handlers\exception.py", line 55, in inner
    response = get_response(request)
  File "C:\Users\TOSHIBA\cabinet_django\venv\Lib\site-packages\django\core\handlers\base.py", line 198, in _get_response
    response = wrapped_callback(request, *callback_args, **callback_kwargs)
  File "C:\Users\TOSHIBA\cabinet_django\annonces\views.py", line 27, in api_annonces
    images_urls = [img.url for img in a.images.all()]
                   ^^^^^^^
AttributeError: 'Image' object has no attribute 'url'
ERROR 2026-04-20 12:10:24,075 log "GET /api/annonces/ HTTP/1.1" 500 69374
INFO 2026-04-20 12:10:30,497 log "GET /admin-cabinet-bou-2024/ HTTP/1.1" 200 21315
ERROR 2026-04-20 12:10:30,627 log Internal Server Error: /api/annonces/
Traceback (most recent call last):
  File "C:\Users\TOSHIBA\cabinet_django\venv\Lib\site-packages\django\core\handlers\exception.py", line 55, in inner
    response = get_response(request)
  File "C:\Users\TOSHIBA\cabinet_django\venv\Lib\site-packages\django\core\handlers\base.py", line 198, in _get_response
    response = wrapped_callback(request, *callback_args, **callback_kwargs)
  File "C:\Users\TOSHIBA\cabinet_django\annonces\views.py", line 27, in api_annonces
    images_urls = [img.url for img in a.images.all()]
                   ^^^^^^^
AttributeError: 'Image' object has no attribute 'url'
ERROR 2026-04-20 12:10:30,629 log "GET /api/annonces/ HTTP/1.1" 500 69374
INFO 2026-04-20 12:10:37,152 log "GET /admin-cabinet-bou-2024/ HTTP/1.1" 200 21315
ERROR 2026-04-20 12:10:37,273 log Internal Server Error: /api/annonces/
Traceback (most recent call last):
  File "C:\Users\TOSHIBA\cabinet_django\venv\Lib\site-packages\django\core\handlers\exception.py", line 55, in inner
    response = get_response(request)
  File "C:\Users\TOSHIBA\cabinet_django\venv\Lib\site-packages\django\core\handlers\base.py", line 198, in _get_response
    response = wrapped_callback(request, *callback_args, **callback_kwargs)
  File "C:\Users\TOSHIBA\cabinet_django\annonces\views.py", line 27, in api_annonces
    images_urls = [img.url for img in a.images.all()]
                   ^^^^^^^
AttributeError: 'Image' object has no attribute 'url'
ERROR 2026-04-20 12:10:37,277 log "GET /api/annonces/ HTTP/1.1" 500 69374
INFO 2026-04-20 12:13:46,924 log "GET /admin/ HTTP/1.1" 200 11861
INFO 2026-04-20 12:13:47,088 log "GET /static/admin/css/nav_sidebar.css HTTP/1.1" 304 0
INFO 2026-04-20 12:13:47,104 log "GET /static/admin/css/responsive.css HTTP/1.1" 304 0
INFO 2026-04-20 12:13:47,107 log "GET /static/admin/css/base.css HTTP/1.1" 304 0
INFO 2026-04-20 12:13:47,111 log "GET /static/admin/css/dark_mode.css HTTP/1.1" 304 0
INFO 2026-04-20 12:13:47,127 log "GET /static/admin/css/dashboard.css HTTP/1.1" 304 0
INFO 2026-04-20 12:13:47,135 log "GET /static/admin/js/theme.js HTTP/1.1" 304 0
INFO 2026-04-20 12:13:47,247 log "GET /static/admin/js/nav_sidebar.js HTTP/1.1" 304 0
INFO 2026-04-20 12:13:47,307 log "GET /static/admin/img/icon-addlink.svg HTTP/1.1" 304 0
INFO 2026-04-20 12:13:47,307 log "GET /static/admin/img/icon-changelink.svg HTTP/1.1" 304 0
INFO 2026-04-20 12:13:58,188 log "GET /admin/annonces/annonce/add/ HTTP/1.1" 200 29346
INFO 2026-04-20 12:13:58,360 log "GET /static/admin/js/vendor/jquery/jquery.js HTTP/1.1" 304 0
INFO 2026-04-20 12:13:58,361 log "GET /static/admin/js/jquery.init.js HTTP/1.1" 304 0
INFO 2026-04-20 12:13:58,367 log "GET /static/admin/css/forms.css HTTP/1.1" 304 0
INFO 2026-04-20 12:13:58,375 log "GET /static/admin/js/admin/RelatedObjectLookups.js HTTP/1.1" 304 0
INFO 2026-04-20 12:13:58,380 log "GET /static/admin/js/urlify.js HTTP/1.1" 304 0
INFO 2026-04-20 12:13:58,391 log "GET /static/admin/js/prepopulate.js HTTP/1.1" 304 0
INFO 2026-04-20 12:13:58,393 log "GET /static/admin/js/core.js HTTP/1.1" 304 0
INFO 2026-04-20 12:13:58,393 log "GET /static/admin/js/inlines.js HTTP/1.1" 304 0
INFO 2026-04-20 12:13:58,400 log "GET /static/admin/js/actions.js HTTP/1.1" 304 0
INFO 2026-04-20 12:13:58,411 log "GET /static/admin/js/vendor/xregexp/xregexp.js HTTP/1.1" 304 0
INFO 2026-04-20 12:13:58,419 log "GET /static/admin/js/prepopulate_init.js HTTP/1.1" 304 0
INFO 2026-04-20 12:13:58,494 log "GET /static/admin/css/widgets.css HTTP/1.1" 304 0
INFO 2026-04-20 12:13:58,506 log "GET /static/admin/js/change_form.js HTTP/1.1" 304 0
INFO 2026-04-20 12:13:58,936 log "GET /admin/jsi18n/ HTTP/1.1" 200 3342
INFO 2026-04-20 12:13:59,101 log "GET /static/admin/img/inline-delete.svg HTTP/1.1" 304 0
INFO 2026-04-20 12:27:12,256 autoreload C:\Users\TOSHIBA\cabinet_django\annonces\views.py changed, reloading.
INFO 2026-04-20 12:27:13,822 autoreload Watching for file changes with StatReloader
INFO 2026-04-20 12:27:44,539 autoreload Watching for file changes with StatReloader
INFO 2026-04-20 12:27:51,011 log "GET / HTTP/1.1" 200 21538
INFO 2026-04-20 12:27:51,256 log "GET /static/annonces/js/script.js HTTP/1.1" 200 34132
INFO 2026-04-20 12:27:51,581 log "GET /api/annonces/ HTTP/1.1" 200 484
WARNING 2026-04-20 12:27:51,866 log Not Found: /media/https:/sagesseimmobiliere.com/wp-content/uploads/2021/10/WhatsApp-Image-2021-09-21-at-17.01.37-818x540.jpeg
WARNING 2026-04-20 12:27:51,869 log "GET /media/https%3A/sagesseimmobiliere.com/wp-content/uploads/2021/10/WhatsApp-Image-2021-09-21-at-17.01.37-818x540.jpeg HTTP/1.1" 404 5675
INFO 2026-04-20 12:27:58,339 log "GET /admin-cabinet-bou-2024/ HTTP/1.1" 200 21656
INFO 2026-04-20 12:27:58,610 log "GET /api/annonces/ HTTP/1.1" 200 484
WARNING 2026-04-20 12:27:58,755 log Not Found: /media/https:/sagesseimmobiliere.com/wp-content/uploads/2021/10/WhatsApp-Image-2021-09-21-at-17.01.37-818x540.jpeg
WARNING 2026-04-20 12:27:58,756 log "GET /media/https%3A/sagesseimmobiliere.com/wp-content/uploads/2021/10/WhatsApp-Image-2021-09-21-at-17.01.37-818x540.jpeg HTTP/1.1" 404 5675
INFO 2026-04-20 12:39:55,240 autoreload C:\Users\TOSHIBA\cabinet_django\annonces\views.py changed, reloading.
INFO 2026-04-20 12:39:56,709 autoreload Watching for file changes with StatReloader
INFO 2026-04-20 12:40:16,011 autoreload Watching for file changes with StatReloader
INFO 2026-04-20 12:40:26,536 log "GET / HTTP/1.1" 200 21710
INFO 2026-04-20 12:40:26,796 log "GET /static/annonces/js/script.js HTTP/1.1" 200 34470
INFO 2026-04-20 12:40:27,054 log "GET /api/annonces/ HTTP/1.1" 200 484
WARNING 2026-04-20 12:40:27,151 log Not Found: /media/https:/sagesseimmobiliere.com/wp-content/uploads/2021/10/WhatsApp-Image-2021-09-21-at-17.01.37-818x540.jpeg
WARNING 2026-04-20 12:40:27,155 log "GET /media/https%3A/sagesseimmobiliere.com/wp-content/uploads/2021/10/WhatsApp-Image-2021-09-21-at-17.01.37-818x540.jpeg HTTP/1.1" 404 5675
INFO 2026-04-20 12:40:31,509 log "GET /admin-cabinet-bou-2024/ HTTP/1.1" 200 21828
INFO 2026-04-20 12:40:31,758 log "GET /api/annonces/ HTTP/1.1" 200 484
WARNING 2026-04-20 12:40:31,905 log Not Found: /media/https:/sagesseimmobiliere.com/wp-content/uploads/2021/10/WhatsApp-Image-2021-09-21-at-17.01.37-818x540.jpeg
WARNING 2026-04-20 12:40:31,906 log "GET /media/https%3A/sagesseimmobiliere.com/wp-content/uploads/2021/10/WhatsApp-Image-2021-09-21-at-17.01.37-818x540.jpeg HTTP/1.1" 404 5675
INFO 2026-04-20 12:41:36,356 log "PUT /api/annonces/A001/modifier/ HTTP/1.1" 200 17
INFO 2026-04-20 12:41:36,386 log "GET /api/annonces/ HTTP/1.1" 200 484
WARNING 2026-04-20 12:41:36,409 log Not Found: /media/https:/sagesseimmobiliere.com/wp-content/uploads/2021/10/WhatsApp-Image-2021-09-21-at-17.01.37-818x540.jpeg
WARNING 2026-04-20 12:41:36,410 log "GET /media/https%3A/sagesseimmobiliere.com/wp-content/uploads/2021/10/WhatsApp-Image-2021-09-21-at-17.01.37-818x540.jpeg HTTP/1.1" 404 5675
WARNING 2026-04-20 12:42:03,946 log Not Found: /media/https:/sagesseimmobiliere.com/wp-content/uploads/2021/10/WhatsApp-Image-2021-09-21-at-17.01.37-818x540.jpeg
WARNING 2026-04-20 12:42:03,947 log "GET /media/https%3A/sagesseimmobiliere.com/wp-content/uploads/2021/10/WhatsApp-Image-2021-09-21-at-17.01.37-818x540.jpeg HTTP/1.1" 404 5675
WARNING 2026-04-20 12:42:05,482 log Not Found: /admin-cabinet-bou-2024/null
WARNING 2026-04-20 12:42:05,491 log Not Found: /media/https:/sagesseimmobiliere.com/wp-content/uploads/2021/10/WhatsApp-Image-2021-09-21-at-17.01.37-818x540.jpeg
WARNING 2026-04-20 12:42:05,491 log "GET /admin-cabinet-bou-2024/null HTTP/1.1" 404 5110
WARNING 2026-04-20 12:42:05,492 log "GET /media/https%3A/sagesseimmobiliere.com/wp-content/uploads/2021/10/WhatsApp-Image-2021-09-21-at-17.01.37-818x540.jpeg HTTP/1.1" 404 5675
WARNING 2026-04-20 12:42:52,142 log Not Found: /media/https:/sagesseimmobiliere.com/wp-content/uploads/2021/10/WhatsApp-Image-2021-09-21-at-17.01.37-818x540.jpeg
WARNING 2026-04-20 12:42:52,144 log "GET /media/https%3A/sagesseimmobiliere.com/wp-content/uploads/2021/10/WhatsApp-Image-2021-09-21-at-17.01.37-818x540.jpeg HTTP/1.1" 404 5675
WARNING 2026-04-20 12:42:56,636 log Not Found: /media/https:/sagesseimmobiliere.com/wp-content/uploads/2021/10/WhatsApp-Image-2021-09-21-at-17.01.37-818x540.jpeg
WARNING 2026-04-20 12:42:56,637 log "GET /media/https%3A/sagesseimmobiliere.com/wp-content/uploads/2021/10/WhatsApp-Image-2021-09-21-at-17.01.37-818x540.jpeg HTTP/1.1" 404 5675
INFO 2026-04-20 12:43:16,036 log "PUT /api/annonces/A001/modifier/ HTTP/1.1" 200 17
INFO 2026-04-20 12:43:16,061 log "GET /api/annonces/ HTTP/1.1" 200 484
WARNING 2026-04-20 12:43:16,076 log Not Found: /media/https:/sagesseimmobiliere.com/wp-content/uploads/2021/10/WhatsApp-Image-2021-09-21-at-17.01.37-818x540.jpeg
WARNING 2026-04-20 12:43:16,078 log "GET /media/https%3A/sagesseimmobiliere.com/wp-content/uploads/2021/10/WhatsApp-Image-2021-09-21-at-17.01.37-818x540.jpeg HTTP/1.1" 404 5675
INFO 2026-04-20 12:47:30,145 log "PUT /api/annonces/A001/modifier/ HTTP/1.1" 200 17
INFO 2026-04-20 12:47:30,159 log "GET /api/annonces/ HTTP/1.1" 200 484
WARNING 2026-04-20 12:47:30,193 log Not Found: /media/https:/sagesseimmobiliere.com/wp-content/uploads/2021/10/WhatsApp-Image-2021-09-21-at-17.01.37-818x540.jpeg
WARNING 2026-04-20 12:47:30,197 log "GET /media/https%3A/sagesseimmobiliere.com/wp-content/uploads/2021/10/WhatsApp-Image-2021-09-21-at-17.01.37-818x540.jpeg HTTP/1.1" 404 5675
INFO 2026-04-20 13:07:14,426 autoreload Watching for file changes with StatReloader
INFO 2026-04-20 13:07:17,568 log "GET / HTTP/1.1" 200 21517
INFO 2026-04-20 13:07:18,074 log "GET /static/annonces/js/script.js HTTP/1.1" 200 34624
INFO 2026-04-20 13:07:18,323 log "GET /api/annonces/ HTTP/1.1" 200 484
WARNING 2026-04-20 13:07:18,405 log Not Found: /media/https:/sagesseimmobiliere.com/wp-content/uploads/2021/10/WhatsApp-Image-2021-09-21-at-17.01.37-818x540.jpeg
WARNING 2026-04-20 13:07:18,408 log "GET /media/https%3A/sagesseimmobiliere.com/wp-content/uploads/2021/10/WhatsApp-Image-2021-09-21-at-17.01.37-818x540.jpeg HTTP/1.1" 404 5675
INFO 2026-04-20 13:07:23,199 log "GET /admin-cabinet-bou-2024/ HTTP/1.1" 200 21635
INFO 2026-04-20 13:07:23,481 log "GET /api/annonces/ HTTP/1.1" 200 484
WARNING 2026-04-20 13:07:23,635 log Not Found: /media/https:/sagesseimmobiliere.com/wp-content/uploads/2021/10/WhatsApp-Image-2021-09-21-at-17.01.37-818x540.jpeg
WARNING 2026-04-20 13:07:23,636 log "GET /media/https%3A/sagesseimmobiliere.com/wp-content/uploads/2021/10/WhatsApp-Image-2021-09-21-at-17.01.37-818x540.jpeg HTTP/1.1" 404 5675
INFO 2026-04-20 13:07:44,073 log "PUT /api/annonces/A001/modifier/ HTTP/1.1" 200 17
INFO 2026-04-20 13:07:44,105 log "GET /api/annonces/ HTTP/1.1" 200 484
WARNING 2026-04-20 13:07:44,122 log Not Found: /media/https:/sagesseimmobiliere.com/wp-content/uploads/2021/10/WhatsApp-Image-2021-09-21-at-17.01.37-818x540.jpeg
WARNING 2026-04-20 13:07:44,123 log "GET /media/https%3A/sagesseimmobiliere.com/wp-content/uploads/2021/10/WhatsApp-Image-2021-09-21-at-17.01.37-818x540.jpeg HTTP/1.1" 404 5675
INFO 2026-04-20 13:08:08,097 log "GET /admin-cabinet-bou-2024/ HTTP/1.1" 302 0
INFO 2026-04-20 13:08:08,103 log "GET /accounts/login/?next=/admin-cabinet-bou-2024/ HTTP/1.1" 200 3124
INFO 2026-04-20 13:08:18,153 log "POST /accounts/login/?next=/admin-cabinet-bou-2024/ HTTP/1.1" 302 0
INFO 2026-04-20 13:08:18,163 log "GET /admin-cabinet-bou-2024/ HTTP/1.1" 200 21635
INFO 2026-04-20 13:08:18,198 log "GET /static/annonces/js/script.js HTTP/1.1" 304 0
INFO 2026-04-20 13:08:18,272 log "GET /api/annonces/ HTTP/1.1" 200 484
WARNING 2026-04-20 13:08:18,343 log Not Found: /media/https:/sagesseimmobiliere.com/wp-content/uploads/2021/10/WhatsApp-Image-2021-09-21-at-17.01.37-818x540.jpeg
WARNING 2026-04-20 13:08:18,345 log "GET /media/https%3A/sagesseimmobiliere.com/wp-content/uploads/2021/10/WhatsApp-Image-2021-09-21-at-17.01.37-818x540.jpeg HTTP/1.1" 404 5675
INFO 2026-04-20 13:09:00,526 log "PUT /api/annonces/A001/modifier/ HTTP/1.1" 200 17
INFO 2026-04-20 13:09:00,547 log "GET /api/annonces/ HTTP/1.1" 200 484
WARNING 2026-04-20 13:09:00,561 log Not Found: /media/https:/sagesseimmobiliere.com/wp-content/uploads/2021/10/WhatsApp-Image-2021-09-21-at-17.01.37-818x540.jpeg
WARNING 2026-04-20 13:09:00,561 log "GET /media/https%3A/sagesseimmobiliere.com/wp-content/uploads/2021/10/WhatsApp-Image-2021-09-21-at-17.01.37-818x540.jpeg HTTP/1.1" 404 5675
INFO 2026-04-20 13:12:32,348 log "GET /admin-cabinet-bou-2024/ HTTP/1.1" 200 21635
INFO 2026-04-20 13:12:32,390 log "GET /static/annonces/js/script.js HTTP/1.1" 304 0
INFO 2026-04-20 13:12:32,446 log "GET /api/annonces/ HTTP/1.1" 200 484
WARNING 2026-04-20 13:12:32,501 log Not Found: /media/https:/sagesseimmobiliere.com/wp-content/uploads/2021/10/WhatsApp-Image-2021-09-21-at-17.01.37-818x540.jpeg
WARNING 2026-04-20 13:12:32,503 log "GET /media/https%3A/sagesseimmobiliere.com/wp-content/uploads/2021/10/WhatsApp-Image-2021-09-21-at-17.01.37-818x540.jpeg HTTP/1.1" 404 5675
INFO 2026-04-20 13:12:33,595 log "GET /admin-cabinet-bou-2024/ HTTP/1.1" 200 21635
INFO 2026-04-20 13:12:33,659 log "GET /api/annonces/ HTTP/1.1" 200 484
WARNING 2026-04-20 13:12:33,692 log Not Found: /media/https:/sagesseimmobiliere.com/wp-content/uploads/2021/10/WhatsApp-Image-2021-09-21-at-17.01.37-818x540.jpeg
WARNING 2026-04-20 13:12:33,696 log "GET /media/https%3A/sagesseimmobiliere.com/wp-content/uploads/2021/10/WhatsApp-Image-2021-09-21-at-17.01.37-818x540.jpeg HTTP/1.1" 404 5675
INFO 2026-04-20 13:12:39,526 log "GET /admin/ HTTP/1.1" 200 11861
INFO 2026-04-20 13:12:45,263 log "GET /admin/annonces/annonce/add/ HTTP/1.1" 200 29346
INFO 2026-04-20 13:12:45,312 log "GET /admin/jsi18n/ HTTP/1.1" 200 3342
INFO 2026-04-20 13:14:48,161 log "POST /admin/annonces/annonce/add/ HTTP/1.1" 302 0
INFO 2026-04-20 13:14:48,573 log "GET /admin/annonces/annonce/ HTTP/1.1" 200 16915
INFO 2026-04-20 13:14:48,651 log "GET /static/admin/css/changelists.css HTTP/1.1" 304 0
INFO 2026-04-20 13:14:48,672 log "GET /admin/jsi18n/ HTTP/1.1" 200 3342
INFO 2026-04-20 13:14:48,704 log "GET /static/admin/img/search.svg HTTP/1.1" 304 0
INFO 2026-04-20 13:14:48,715 log "GET /static/admin/img/icon-yes.svg HTTP/1.1" 304 0
INFO 2026-04-20 13:14:48,733 log "GET /static/admin/js/filters.js HTTP/1.1" 304 0
INFO 2026-04-20 13:14:48,781 log "GET /static/admin/img/tooltag-add.svg HTTP/1.1" 304 0
INFO 2026-04-20 13:14:48,782 log "GET /static/admin/img/icon-viewlink.svg HTTP/1.1" 304 0
INFO 2026-04-20 13:15:18,086 log "POST /admin/annonces/annonce/ HTTP/1.1" 302 0
INFO 2026-04-20 13:15:18,128 log "GET /admin/annonces/annonce/ HTTP/1.1" 200 16834
INFO 2026-04-20 13:15:18,178 log "GET /admin/jsi18n/ HTTP/1.1" 200 3342
INFO 2026-04-20 13:15:18,288 log "GET /static/admin/img/icon-alert.svg HTTP/1.1" 200 684
INFO 2026-04-20 13:15:21,093 log "GET /admin/annonces/annonce/2/change/ HTTP/1.1" 200 33633
INFO 2026-04-20 13:15:21,141 log "GET /admin/jsi18n/ HTTP/1.1" 200 3342
INFO 2026-04-20 13:16:05,839 log "GET /admin/annonces/annonce/ HTTP/1.1" 200 16709
INFO 2026-04-20 13:16:13,136 log "GET / HTTP/1.1" 200 21517
INFO 2026-04-20 13:16:13,190 log "GET /static/annonces/js/script.js HTTP/1.1" 304 0
INFO 2026-04-20 13:16:13,237 log "GET /api/annonces/ HTTP/1.1" 200 913
WARNING 2026-04-20 13:16:13,287 log Not Found: /media/https:/sagesseimmobiliere.com/wp-content/uploads/2021/10/WhatsApp-Image-2021-09-21-at-17.01.37-818x540.jpeg
WARNING 2026-04-20 13:16:13,314 log "GET /media/https%3A/sagesseimmobiliere.com/wp-content/uploads/2021/10/WhatsApp-Image-2021-09-21-at-17.01.37-818x540.jpeg HTTP/1.1" 404 5675
INFO 2026-04-20 13:16:13,323 log "GET /media/annonces/images/Rectangle_19-1.jpg HTTP/1.1" 200 73975
INFO 2026-04-20 13:16:17,612 log "GET /media/annonces/images/Rectangle_19-2.jpg HTTP/1.1" 200 39336
INFO 2026-04-20 13:16:17,640 log "GET /media/annonces/images/Rectangle_402.jpg HTTP/1.1" 200 91939
INFO 2026-04-20 13:16:17,654 log "GET /media/annonces/images/Rectangle_19.jpg HTTP/1.1" 200 64460
INFO 2026-04-20 13:16:38,896 log "GET /admin/annonces/annonce/ HTTP/1.1" 200 16709
INFO 2026-04-20 13:16:40,901 log "GET /admin/annonces/annonce/2/change/ HTTP/1.1" 200 33633
INFO 2026-04-20 13:16:40,947 log "GET /admin/jsi18n/ HTTP/1.1" 200 3342
INFO 2026-04-20 13:16:44,676 log "GET /admin/annonces/ HTTP/1.1" 200 7935
INFO 2026-04-20 13:16:47,024 log "GET /admin/ HTTP/1.1" 200 12246
INFO 2026-04-20 13:32:26,132 log "GET / HTTP/1.1" 200 21517
INFO 2026-04-20 13:32:26,196 log "GET /static/annonces/js/script.js HTTP/1.1" 304 0
INFO 2026-04-20 13:32:26,264 log "GET /api/annonces/ HTTP/1.1" 200 913
WARNING 2026-04-20 13:32:26,851 log Not Found: /media/https:/sagesseimmobiliere.com/wp-content/uploads/2021/10/WhatsApp-Image-2021-09-21-at-17.01.37-818x540.jpeg
INFO 2026-04-20 13:32:26,854 log "GET /media/annonces/images/Rectangle_19-1.jpg HTTP/1.1" 304 0
WARNING 2026-04-20 13:32:26,864 log "GET /media/https%3A/sagesseimmobiliere.com/wp-content/uploads/2021/10/WhatsApp-Image-2021-09-21-at-17.01.37-818x540.jpeg HTTP/1.1" 404 5675
INFO 2026-04-20 13:43:33,101 log "GET /admin-cabinet-bou-2024/ HTTP/1.1" 200 21635
INFO 2026-04-20 13:43:33,167 log "GET /static/annonces/js/script.js HTTP/1.1" 304 0
INFO 2026-04-20 13:43:37,058 log "GET /api/annonces/ HTTP/1.1" 200 913
INFO 2026-04-20 13:43:37,198 log "GET /media/annonces/images/Rectangle_19-1.jpg HTTP/1.1" 304 0
WARNING 2026-04-20 13:43:37,230 log Not Found: /media/https:/sagesseimmobiliere.com/wp-content/uploads/2021/10/WhatsApp-Image-2021-09-21-at-17.01.37-818x540.jpeg
WARNING 2026-04-20 13:43:37,231 log "GET /media/https%3A/sagesseimmobiliere.com/wp-content/uploads/2021/10/WhatsApp-Image-2021-09-21-at-17.01.37-818x540.jpeg HTTP/1.1" 404 5675
INFO 2026-04-20 13:43:57,567 log "PUT /api/annonces/A001/modifier/ HTTP/1.1" 200 17
INFO 2026-04-20 13:43:57,610 log "GET /api/annonces/ HTTP/1.1" 200 913
WARNING 2026-04-20 13:43:57,636 log Not Found: /media/https:/sagesseimmobiliere.com/wp-content/uploads/2021/10/WhatsApp-Image-2021-09-21-at-17.01.37-818x540.jpeg
WARNING 2026-04-20 13:43:57,641 log "GET /media/https%3A/sagesseimmobiliere.com/wp-content/uploads/2021/10/WhatsApp-Image-2021-09-21-at-17.01.37-818x540.jpeg HTTP/1.1" 404 5675
WARNING 2026-04-20 13:44:11,791 log Not Found: /api/annonces//modifier/
WARNING 2026-04-20 13:44:11,792 log "PUT /api/annonces//modifier/ HTTP/1.1" 404 5098
WARNING 2026-04-20 13:44:16,095 log Not Found: /api/annonces//modifier/
WARNING 2026-04-20 13:44:16,095 log "PUT /api/annonces//modifier/ HTTP/1.1" 404 5098
WARNING 2026-04-20 13:44:23,826 log Not Found: /api/annonces//modifier/
WARNING 2026-04-20 13:44:23,827 log "PUT /api/annonces//modifier/ HTTP/1.1" 404 5098
INFO 2026-04-20 13:50:27,312 autoreload C:\Users\TOSHIBA\cabinet_django\annonces\views.py changed, reloading.
INFO 2026-04-20 13:50:33,874 autoreload Watching for file changes with StatReloader
INFO 2026-04-20 13:51:17,477 autoreload C:\Users\TOSHIBA\cabinet_django\annonces\views.py changed, reloading.
INFO 2026-04-20 13:51:19,355 autoreload Watching for file changes with StatReloader
INFO 2026-04-20 13:52:35,327 autoreload C:\Users\TOSHIBA\cabinet_django\annonces\urls.py changed, reloading.
INFO 2026-04-20 13:52:38,258 autoreload Watching for file changes with StatReloader
INFO 2026-04-20 13:52:59,971 autoreload C:\Users\TOSHIBA\cabinet_django\annonces\urls.py changed, reloading.
INFO 2026-04-20 13:53:02,171 autoreload Watching for file changes with StatReloader
INFO 2026-04-20 13:53:18,802 log "GET / HTTP/1.1" 200 21517
INFO 2026-04-20 13:53:18,842 log "GET /static/annonces/css/style.css HTTP/1.1" 304 0
INFO 2026-04-20 13:53:19,257 log "GET /static/annonces/js/script.js HTTP/1.1" 200 34891
INFO 2026-04-20 13:53:19,918 log "GET /api/annonces/ HTTP/1.1" 200 913
INFO 2026-04-20 13:53:20,001 log "GET /media/annonces/images/Rectangle_19-1.jpg HTTP/1.1" 304 0
WARNING 2026-04-20 13:53:20,013 log Not Found: /media/https:/sagesseimmobiliere.com/wp-content/uploads/2021/10/WhatsApp-Image-2021-09-21-at-17.01.37-818x540.jpeg
WARNING 2026-04-20 13:53:20,016 log "GET /media/https%3A/sagesseimmobiliere.com/wp-content/uploads/2021/10/WhatsApp-Image-2021-09-21-at-17.01.37-818x540.jpeg HTTP/1.1" 404 5675
INFO 2026-04-20 13:53:24,023 log "GET /admin-cabinet-bou-2024/ HTTP/1.1" 200 21635
INFO 2026-04-20 13:53:24,403 log "GET /api/annonces/ HTTP/1.1" 200 913
WARNING 2026-04-20 13:53:24,564 log Not Found: /media/https:/sagesseimmobiliere.com/wp-content/uploads/2021/10/WhatsApp-Image-2021-09-21-at-17.01.37-818x540.jpeg
WARNING 2026-04-20 13:53:24,564 log "GET /media/https%3A/sagesseimmobiliere.com/wp-content/uploads/2021/10/WhatsApp-Image-2021-09-21-at-17.01.37-818x540.jpeg HTTP/1.1" 404 5675
WARNING 2026-04-20 13:53:48,298 log Not Found: /api/annonces//modifier/
WARNING 2026-04-20 13:53:48,299 log "POST /api/annonces//modifier/ HTTP/1.1" 404 5099
WARNING 2026-04-20 13:53:50,045 log Not Found: /api/annonces//modifier/
WARNING 2026-04-20 13:53:50,046 log "POST /api/annonces//modifier/ HTTP/1.1" 404 5099
WARNING 2026-04-20 14:04:28,445 log Not Found: /.well-known/appspecific/com.chrome.devtools.json
WARNING 2026-04-20 14:04:28,447 log "GET /.well-known/appspecific/com.chrome.devtools.json HTTP/1.1" 404 5173
INFO 2026-04-20 14:06:34,304 log "POST /api/annonces/A001/modifier/ HTTP/1.1" 200 17
INFO 2026-04-20 14:06:34,355 log "GET /api/annonces/ HTTP/1.1" 200 859
INFO 2026-04-20 14:06:34,380 log "GET /media/annonces/images/Rectangle_19-1.jpg HTTP/1.1" 304 0
INFO 2026-04-20 14:06:34,399 log "GET /media/annonces/images/comment-installer-camera-1024x683-1.jpg HTTP/1.1" 200 46044
INFO 2026-04-20 14:07:04,143 log "POST /api/annonces/A001/modifier/ HTTP/1.1" 200 17
INFO 2026-04-20 14:07:04,196 log "GET /api/annonces/ HTTP/1.1" 200 849
INFO 2026-04-20 14:07:04,328 log "GET /media/annonces/images/Formation-Bail-commercial.png HTTP/1.1" 200 381940
INFO 2026-04-20 14:07:21,342 log "POST /api/annonces/A001/modifier/ HTTP/1.1" 200 17
INFO 2026-04-20 14:07:21,394 log "GET /api/annonces/ HTTP/1.1" 200 846
INFO 2026-04-20 14:07:21,462 log "GET /media/annonces/images/Rectangle_19-1_Bsz77OB.jpg HTTP/1.1" 200 73975
WARNING 2026-04-20 14:07:34,956 log Not Found: /api/annonces//supprimer/
WARNING 2026-04-20 14:07:34,958 log "DELETE /api/annonces//supprimer/ HTTP/1.1" 404 5104
WARNING 2026-04-20 14:07:40,229 log Not Found: /api/annonces//supprimer/
WARNING 2026-04-20 14:07:40,230 log "DELETE /api/annonces//supprimer/ HTTP/1.1" 404 5104
INFO 2026-04-20 14:07:45,163 log "DELETE /api/annonces/A001/supprimer/ HTTP/1.1" 200 17
INFO 2026-04-20 14:07:45,197 log "GET /api/annonces/ HTTP/1.1" 200 429
WARNING 2026-04-20 14:07:48,719 log Not Found: /api/annonces//supprimer/
WARNING 2026-04-20 14:07:48,720 log "DELETE /api/annonces//supprimer/ HTTP/1.1" 404 5104
WARNING 2026-04-20 14:07:55,214 log Not Found: /api/annonces//supprimer/
WARNING 2026-04-20 14:07:55,215 log "DELETE /api/annonces//supprimer/ HTTP/1.1" 404 5104
WARNING 2026-04-20 14:08:01,748 log Not Found: /api/annonces//supprimer/
WARNING 2026-04-20 14:08:01,750 log "DELETE /api/annonces//supprimer/ HTTP/1.1" 404 5104
WARNING 2026-04-20 14:08:11,962 log Not Found: /api/annonces//supprimer/
WARNING 2026-04-20 14:08:11,962 log "DELETE /api/annonces//supprimer/ HTTP/1.1" 404 5104
WARNING 2026-04-20 14:08:21,932 log Not Found: /api/annonces//supprimer/
WARNING 2026-04-20 14:08:21,934 log "DELETE /api/annonces//supprimer/ HTTP/1.1" 404 5104
WARNING 2026-04-20 14:08:50,306 log Not Found: /api/annonces//supprimer/
WARNING 2026-04-20 14:08:50,306 log "DELETE /api/annonces//supprimer/ HTTP/1.1" 404 5104
INFO 2026-04-20 14:09:07,809 log "GET /admin/ HTTP/1.1" 200 12246
INFO 2026-04-20 14:09:15,805 log "GET /admin/annonces/annonce/ HTTP/1.1" 200 16192
INFO 2026-04-20 14:09:16,104 log "GET /admin/jsi18n/ HTTP/1.1" 200 3342
INFO 2026-04-20 14:09:32,885 log "POST /admin/annonces/annonce/ HTTP/1.1" 200 12244
INFO 2026-04-20 14:09:33,738 log "GET /static/admin/js/cancel.js HTTP/1.1" 200 884
INFO 2026-04-20 14:09:35,314 log "POST /admin/annonces/annonce/ HTTP/1.1" 302 0
INFO 2026-04-20 14:09:35,400 log "GET /admin/annonces/annonce/ HTTP/1.1" 200 14062
INFO 2026-04-20 14:09:35,462 log "GET /admin/jsi18n/ HTTP/1.1" 200 3342
INFO 2026-04-20 14:09:42,136 log "GET /admin/ HTTP/1.1" 200 12555
INFO 2026-04-20 14:09:42,293 log "GET /static/admin/img/icon-deletelink.svg HTTP/1.1" 200 689
INFO 2026-04-20 14:09:46,440 log "GET /admin-cabinet-bou-2024/ HTTP/1.1" 200 21635
INFO 2026-04-20 14:09:46,488 log "GET /static/annonces/js/script.js HTTP/1.1" 304 0
INFO 2026-04-20 14:09:46,579 log "GET /api/annonces/ HTTP/1.1" 200 2
INFO 2026-04-20 14:13:49,438 log "POST /api/annonces/creer/ HTTP/1.1" 200 31
INFO 2026-04-20 14:13:49,471 log "GET /api/annonces/ HTTP/1.1" 200 492
INFO 2026-04-20 14:13:49,520 log "GET /media/annonces/images/Rectangle_19-1_2V1zqZ0.jpg HTTP/1.1" 200 73975
INFO 2026-04-20 14:14:05,113 log "GET /media/annonces/images/Rectangle_402_4KaQCMJ.jpg HTTP/1.1" 200 91939
INFO 2026-04-20 14:14:05,126 log "GET /media/annonces/images/Rectangle_19-2_prfSjAm.jpg HTTP/1.1" 200 39336
INFO 2026-04-20 14:14:05,132 log "GET /media/annonces/images/Rectangle_19_Lw9ql5M.jpg HTTP/1.1" 200 64460
INFO 2026-04-20 14:14:27,266 log "POST /api/annonce/A001/commentaire/ HTTP/1.1" 200 17
INFO 2026-04-20 14:14:27,305 log "GET /api/annonces/ HTTP/1.1" 200 564
INFO 2026-04-20 14:25:02,620 autoreload Watching for file changes with StatReloader
INFO 2026-04-20 14:25:08,798 log "GET /2fa/setup/ HTTP/1.1" 200 5594
INFO 2026-04-20 14:26:42,898 log "GET /2fa/setup/ HTTP/1.1" 200 5594
INFO 2026-04-20 14:26:45,382 log "GET /2fa/setup/ HTTP/1.1" 200 5594
INFO 2026-04-20 14:26:46,300 log "GET /2fa/setup/ HTTP/1.1" 200 5594
INFO 2026-04-20 14:28:40,507 autoreload C:\Users\TOSHIBA\cabinet_django\annonces\views.py changed, reloading.
INFO 2026-04-20 14:28:42,058 autoreload Watching for file changes with StatReloader
INFO 2026-04-20 14:30:50,931 autoreload C:\Users\TOSHIBA\cabinet_django\annonces\views.py changed, reloading.
INFO 2026-04-20 14:30:52,457 autoreload Watching for file changes with StatReloader
INFO 2026-04-20 14:31:46,120 autoreload Watching for file changes with StatReloader
INFO 2026-04-20 14:31:59,827 log "GET /2fa/setup/ HTTP/1.1" 200 7368
INFO 2026-04-20 14:36:46,623 log "POST /2fa/setup/ HTTP/1.1" 200 7368
INFO 2026-04-20 14:38:31,431 log "POST /2fa/setup/ HTTP/1.1" 200 7368
INFO 2026-04-20 14:41:43,767 log "POST /2fa/setup/ HTTP/1.1" 200 7368
INFO 2026-04-20 14:42:14,796 log "POST /2fa/setup/ HTTP/1.1" 200 7368
INFO 2026-04-20 14:42:52,998 log "POST /2fa/setup/ HTTP/1.1" 200 7368
INFO 2026-04-20 14:44:35,729 autoreload C:\Users\TOSHIBA\cabinet_django\annonces\views.py changed, reloading.
INFO 2026-04-20 14:44:37,195 autoreload Watching for file changes with StatReloader
INFO 2026-04-20 14:45:42,309 autoreload Watching for file changes with StatReloader
INFO 2026-04-20 14:45:52,875 log "GET / HTTP/1.1" 200 21517
INFO 2026-04-20 14:45:53,091 log "GET /static/annonces/js/script.js HTTP/1.1" 304 0
INFO 2026-04-20 14:45:53,157 log "GET /api/annonces/ HTTP/1.1" 200 564
INFO 2026-04-20 14:45:53,787 log "GET /media/annonces/images/Rectangle_19-1_2V1zqZ0.jpg HTTP/1.1" 304 0
INFO 2026-04-20 14:46:27,333 log "GET /accounts/login/ HTTP/1.1" 200 3124
INFO 2026-04-20 14:46:35,148 log "GET /admin-cabinet-bou-2024/ HTTP/1.1" 200 21635
INFO 2026-04-20 14:46:35,448 log "GET /api/annonces/ HTTP/1.1" 200 564
INFO 2026-04-20 14:47:07,461 log "GET /2fa/setup/ HTTP/1.1" 200 5636
INFO 2026-04-20 14:48:52,030 log "POST /2fa/setup/ HTTP/1.1" 302 0
INFO 2026-04-20 14:48:52,084 log "GET /2fa/setup/ HTTP/1.1" 200 5108
INFO 2026-04-20 14:49:08,511 log "POST /2fa/setup/ HTTP/1.1" 302 0
INFO 2026-04-20 14:49:08,570 log "GET /2fa/setup/ HTTP/1.1" 200 5108
INFO 2026-04-20 14:49:19,118 log "GET /2fa/setup/ HTTP/1.1" 200 4954
INFO 2026-04-20 14:49:41,910 log "POST /2fa/setup/ HTTP/1.1" 302 0
INFO 2026-04-20 14:49:41,991 log "GET /2fa/setup/ HTTP/1.1" 200 5108
INFO 2026-04-20 14:51:09,115 autoreload C:\Users\TOSHIBA\cabinet_django\annonces\views.py changed, reloading.
INFO 2026-04-20 14:51:11,039 autoreload Watching for file changes with StatReloader
INFO 2026-04-20 14:57:06,999 autoreload Watching for file changes with StatReloader
INFO 2026-04-20 14:57:17,367 log "GET /2fa/setup/ HTTP/1.1" 200 5328
INFO 2026-04-20 14:58:08,497 log "POST /2fa/setup/ HTTP/1.1" 200 5512
INFO 2026-04-20 15:00:08,062 autoreload C:\Users\TOSHIBA\cabinet_django\annonces\views.py changed, reloading.
INFO 2026-04-20 15:00:09,849 autoreload Watching for file changes with StatReloader
INFO 2026-04-20 15:01:00,689 autoreload C:\Users\TOSHIBA\cabinet_django\annonces\views.py changed, reloading.
INFO 2026-04-20 15:01:01,962 autoreload Watching for file changes with StatReloader
INFO 2026-04-20 15:02:09,273 autoreload Watching for file changes with StatReloader
ERROR 2026-04-20 15:02:19,070 log Internal Server Error: /2fa/setup/
Traceback (most recent call last):
  File "C:\Users\TOSHIBA\cabinet_django\venv\Lib\site-packages\django\core\handlers\exception.py", line 55, in inner
    response = get_response(request)
  File "C:\Users\TOSHIBA\cabinet_django\venv\Lib\site-packages\django\core\handlers\base.py", line 198, in _get_response
    response = wrapped_callback(request, *callback_args, **callback_kwargs)
  File "C:\Users\TOSHIBA\cabinet_django\venv\Lib\site-packages\django\contrib\auth\decorators.py", line 59, in _view_wrapper
    return view_func(request, *args, **kwargs)
  File "C:\Users\TOSHIBA\cabinet_django\annonces\views.py", line 272, in setup_2fa
    if device.verify_token(token):
       ~~~~~~~~~~~~~~~~~~~^^^^^^^
  File "C:\Users\TOSHIBA\cabinet_django\venv\Lib\site-packages\django_otp\plugins\otp_totp\models.py", line 121, in verify_token
    key = self.bin_key
          ^^^^^^^^^^^^
  File "C:\Users\TOSHIBA\cabinet_django\venv\Lib\site-packages\django_otp\plugins\otp_totp\models.py", line 107, in bin_key
    return unhexlify(self.key.encode())
binascii.Error: Non-hexadecimal digit found
ERROR 2026-04-20 15:02:19,077 log "POST /2fa/setup/ HTTP/1.1" 500 88374
INFO 2026-04-20 15:09:05,364 autoreload C:\Users\TOSHIBA\cabinet_django\annonces\views.py changed, reloading.
INFO 2026-04-20 15:09:08,170 autoreload Watching for file changes with StatReloader
INFO 2026-04-20 15:10:07,036 autoreload C:\Users\TOSHIBA\cabinet_django\App\settings.py changed, reloading.
INFO 2026-04-20 15:10:08,626 autoreload Watching for file changes with StatReloader
INFO 2026-04-20 15:10:27,271 autoreload C:\Users\TOSHIBA\cabinet_django\App\settings.py changed, reloading.
INFO 2026-04-20 15:10:28,746 autoreload Watching for file changes with StatReloader
INFO 2026-04-20 15:12:01,443 autoreload Watching for file changes with StatReloader
INFO 2026-04-20 15:13:44,987 autoreload C:\Users\TOSHIBA\cabinet_django\App\settings.py changed, reloading.
INFO 2026-04-20 15:13:46,860 autoreload Watching for file changes with StatReloader
INFO 2026-04-20 15:14:45,699 autoreload Watching for file changes with StatReloader
INFO 2026-04-20 15:21:36,929 autoreload Watching for file changes with StatReloader
INFO 2026-04-20 15:23:38,175 log "GET / HTTP/1.1" 200 21517
INFO 2026-04-20 15:23:38,411 log "GET /static/annonces/js/script.js HTTP/1.1" 304 0
INFO 2026-04-20 15:23:38,473 log "GET /api/annonces/ HTTP/1.1" 200 2
INFO 2026-04-20 15:23:47,215 log "GET /admin-cabinet-bou-2024/ HTTP/1.1" 302 0
INFO 2026-04-20 15:23:47,252 log "GET /accounts/login/?next=/admin-cabinet-bou-2024/ HTTP/1.1" 200 3124
WARNING 2026-04-20 15:24:27,666 log Not Found: /2fa/setup/
WARNING 2026-04-20 15:24:27,667 log "GET /2fa/setup/ HTTP/1.1" 404 4798
WARNING 2026-04-20 15:24:28,503 log Not Found: /2fa/setup/
WARNING 2026-04-20 15:24:28,504 log "GET /2fa/setup/ HTTP/1.1" 404 4798
INFO 2026-04-20 15:25:53,139 log "GET /api/annonces/ HTTP/1.1" 200 2
INFO 2026-04-20 15:26:42,462 log "GET /api/annonces/ HTTP/1.1" 200 2
WARNING 2026-04-20 15:28:56,478 log Not Found: /2fa/setup/
WARNING 2026-04-20 15:28:56,479 log "GET /2fa/setup/ HTTP/1.1" 404 4798
WARNING 2026-04-20 15:28:57,378 log Not Found: /2fa/setup/
WARNING 2026-04-20 15:28:57,379 log "GET /2fa/setup/ HTTP/1.1" 404 4798
INFO 2026-04-20 15:30:53,171 log "GET / HTTP/1.1" 200 21517
INFO 2026-04-20 15:30:53,480 log "GET /api/annonces/ HTTP/1.1" 200 2
WARNING 2026-04-20 15:31:20,639 log Not Found: /2fa/setup/
WARNING 2026-04-20 15:31:20,640 log "GET /2fa/setup/ HTTP/1.1" 404 4798
WARNING 2026-04-20 15:31:21,401 log Not Found: /2fa/setup/
WARNING 2026-04-20 15:31:21,402 log "GET /2fa/setup/ HTTP/1.1" 404 4798
INFO 2026-04-20 15:41:48,438 log "GET / HTTP/1.1" 200 21541
INFO 2026-04-20 15:41:48,502 log "GET /static/annonces/js/script.js HTTP/1.1" 304 0
INFO 2026-04-20 15:41:48,591 log "GET /api/annonces/ HTTP/1.1" 200 2
INFO 2026-04-20 15:44:11,523 log "GET / HTTP/1.1" 200 21527
INFO 2026-04-20 15:44:11,892 log "GET /api/annonces/ HTTP/1.1" 200 2
INFO 2026-04-20 16:04:33,514 log "GET / HTTP/1.1" 200 21614
INFO 2026-04-20 16:04:34,433 log "GET /static/annonces/css/style.css HTTP/1.1" 304 0
INFO 2026-04-20 16:04:34,434 log "GET /static/annonces/js/script.js HTTP/1.1" 304 0
INFO 2026-04-20 16:04:34,502 log "GET /api/annonces/ HTTP/1.1" 200 2
INFO 2026-04-20 16:08:35,084 log "GET / HTTP/1.1" 200 21668
WARNING 2026-04-20 16:08:35,146 log "GET /static/annonces/images/logo.png HTTP/1.1" 404 1886
INFO 2026-04-20 16:08:35,164 log "GET /api/annonces/ HTTP/1.1" 200 2
INFO 2026-04-20 16:14:04,655 log "GET / HTTP/1.1" 200 21677
WARNING 2026-04-20 16:14:04,748 log "GET /static/annonces/images/Logo_Cabinet.jpeg HTTP/1.1" 404 1913
INFO 2026-04-20 16:14:05,037 log "GET /api/annonces/ HTTP/1.1" 200 2
INFO 2026-04-20 16:14:08,091 log "GET / HTTP/1.1" 200 21677
WARNING 2026-04-20 16:14:08,138 log "GET /static/annonces/images/Logo_Cabinet.jpeg HTTP/1.1" 404 1913
INFO 2026-04-20 16:14:08,161 log "GET /api/annonces/ HTTP/1.1" 200 2
INFO 2026-04-20 16:14:09,226 log "GET / HTTP/1.1" 200 21677
WARNING 2026-04-20 16:14:09,273 log "GET /static/annonces/images/Logo_Cabinet.jpeg HTTP/1.1" 404 1913
INFO 2026-04-20 16:14:09,291 log "GET /api/annonces/ HTTP/1.1" 200 2
INFO 2026-04-20 16:15:59,222 log "GET / HTTP/1.1" 200 21677
WARNING 2026-04-20 16:15:59,289 log "GET /static/annonces/images/Logo_Cabinet.jpeg HTTP/1.1" 404 1913
INFO 2026-04-20 16:15:59,325 log "GET /api/annonces/ HTTP/1.1" 200 2
INFO 2026-04-20 16:16:00,030 log "GET / HTTP/1.1" 200 21677
WARNING 2026-04-20 16:16:00,089 log "GET /static/annonces/images/Logo_Cabinet.jpeg HTTP/1.1" 404 1913
INFO 2026-04-20 16:16:00,179 log "GET /api/annonces/ HTTP/1.1" 200 2
INFO 2026-04-20 16:16:00,721 log "GET / HTTP/1.1" 200 21677
WARNING 2026-04-20 16:16:00,775 log "GET /static/annonces/images/Logo_Cabinet.jpeg HTTP/1.1" 404 1913
INFO 2026-04-20 16:16:00,785 log "GET /api/annonces/ HTTP/1.1" 200 2
INFO 2026-04-20 16:16:01,610 log "GET / HTTP/1.1" 200 21677
WARNING 2026-04-20 16:16:01,720 log "GET /static/annonces/images/Logo_Cabinet.jpeg HTTP/1.1" 404 1913
INFO 2026-04-20 16:16:01,726 log "GET /api/annonces/ HTTP/1.1" 200 2
INFO 2026-04-20 16:16:02,518 log "GET / HTTP/1.1" 200 21677
WARNING 2026-04-20 16:16:02,574 log "GET /static/annonces/images/Logo_Cabinet.jpeg HTTP/1.1" 404 1913
INFO 2026-04-20 16:16:02,618 log "GET /api/annonces/ HTTP/1.1" 200 2
INFO 2026-04-20 16:16:03,161 log "GET / HTTP/1.1" 200 21677
WARNING 2026-04-20 16:16:03,211 log "GET /static/annonces/images/Logo_Cabinet.jpeg HTTP/1.1" 404 1913
INFO 2026-04-20 16:16:03,265 log "GET /api/annonces/ HTTP/1.1" 200 2
INFO 2026-04-20 16:16:03,740 log "GET / HTTP/1.1" 200 21677
WARNING 2026-04-20 16:16:03,784 log "GET /static/annonces/images/Logo_Cabinet.jpeg HTTP/1.1" 404 1913
INFO 2026-04-20 16:16:03,791 log "GET /api/annonces/ HTTP/1.1" 200 2
INFO 2026-04-20 16:17:12,740 log "GET / HTTP/1.1" 200 21677
INFO 2026-04-20 16:17:12,839 log "GET /api/annonces/ HTTP/1.1" 200 2
INFO 2026-04-20 16:17:13,027 log "GET /static/annonces/images/Logo_Cabinet.jpeg HTTP/1.1" 200 48890
INFO 2026-04-20 16:17:37,572 log "GET / HTTP/1.1" 200 21677
INFO 2026-04-20 16:17:37,728 log "GET /api/annonces/ HTTP/1.1" 200 2
INFO 2026-04-20 16:18:00,467 log "GET / HTTP/1.1" 200 21677
INFO 2026-04-20 16:18:00,504 log "GET /static/annonces/images/Logo_Cabinet.jpeg HTTP/1.1" 304 0
INFO 2026-04-20 16:18:00,524 log "GET /api/annonces/ HTTP/1.1" 200 2
INFO 2026-04-20 16:18:49,117 log "GET / HTTP/1.1" 200 21677
INFO 2026-04-20 16:18:49,286 log "GET /static/annonces/images/Logo_Cabinet.jpeg HTTP/1.1" 304 0
INFO 2026-04-20 16:18:49,311 log "GET /static/annonces/js/script.js HTTP/1.1" 304 0
INFO 2026-04-20 16:18:49,476 log "GET /api/annonces/ HTTP/1.1" 200 2
INFO 2026-04-20 16:19:31,854 log "GET / HTTP/1.1" 200 21677
INFO 2026-04-20 16:19:31,902 log "GET /static/annonces/images/Logo_Cabinet.jpeg HTTP/1.1" 304 0
INFO 2026-04-20 16:19:31,919 log "GET /api/annonces/ HTTP/1.1" 200 2
INFO 2026-04-20 16:49:26,576 autoreload C:\Users\TOSHIBA\cabinet_django\App\settings.py changed, reloading.
INFO 2026-04-20 16:49:29,761 autoreload Watching for file changes with StatReloader
INFO 2026-04-20 16:49:59,131 autoreload C:\Users\TOSHIBA\cabinet_django\App\settings.py changed, reloading.
INFO 2026-04-20 16:50:00,649 autoreload Watching for file changes with StatReloader
INFO 2026-04-20 16:52:14,422 autoreload C:\Users\TOSHIBA\cabinet_django\App\settings.py changed, reloading.
INFO 2026-04-20 16:52:17,641 autoreload Watching for file changes with StatReloader
INFO 2026-05-05 15:05:31,570 autoreload Watching for file changes with StatReloader
INFO 2026-05-05 15:10:55,477 log "GET / HTTP/1.1" 200 21677
INFO 2026-05-05 15:10:55,970 log "GET /static/annonces/images/Logo_Cabinet.jpeg HTTP/1.1" 200 48890
INFO 2026-05-05 15:10:56,013 log "GET /static/annonces/js/script.js HTTP/1.1" 200 34891
INFO 2026-05-05 15:10:56,047 log "GET /static/annonces/css/style.css HTTP/1.1" 200 31648
INFO 2026-05-05 15:10:56,645 log "GET /api/annonces/ HTTP/1.1" 200 2
WARNING 2026-05-05 15:10:56,889 log Not Found: /favicon.ico
WARNING 2026-05-05 15:10:56,890 log "GET /favicon.ico HTTP/1.1" 404 4801
INFO 2026-05-05 15:11:42,133 log "GET / HTTP/1.1" 200 21677
INFO 2026-05-05 15:11:42,231 log "GET /api/annonces/ HTTP/1.1" 200 2
INFO 2026-05-05 15:15:01,691 log "GET / HTTP/1.1" 200 21677
INFO 2026-05-05 15:15:01,801 log "GET /api/annonces/ HTTP/1.1" 200 2
INFO 2026-05-05 15:15:45,899 log "GET / HTTP/1.1" 200 21677
INFO 2026-05-05 15:15:46,654 log "GET /api/annonces/ HTTP/1.1" 200 2
INFO 2026-05-05 15:16:04,782 log "GET / HTTP/1.1" 200 22755
INFO 2026-05-05 15:16:04,842 log "GET /api/annonces/ HTTP/1.1" 200 2
INFO 2026-05-05 15:16:17,249 log "GET / HTTP/1.1" 200 22755
INFO 2026-05-05 15:16:17,308 log "GET /api/annonces/ HTTP/1.1" 200 2
INFO 2026-05-05 15:16:17,956 log "GET / HTTP/1.1" 200 22755
INFO 2026-05-05 15:16:18,001 log "GET /api/annonces/ HTTP/1.1" 200 2
INFO 2026-05-05 15:16:40,719 log "GET / HTTP/1.1" 200 22755
INFO 2026-05-05 15:16:41,265 log "GET /api/annonces/ HTTP/1.1" 200 2
INFO 2026-05-05 15:20:11,585 log "GET / HTTP/1.1" 200 22754
INFO 2026-05-05 15:20:11,656 log "GET /api/annonces/ HTTP/1.1" 200 2
INFO 2026-05-05 15:21:34,581 log "GET / HTTP/1.1" 200 22754
INFO 2026-05-05 15:21:34,695 log "GET /api/annonces/ HTTP/1.1" 200 2
INFO 2026-05-05 15:22:13,859 log "GET / HTTP/1.1" 200 22754
INFO 2026-05-05 15:22:13,916 log "GET /api/annonces/ HTTP/1.1" 200 2
INFO 2026-05-05 15:26:55,630 log "GET / HTTP/1.1" 200 22767
INFO 2026-05-05 15:26:55,741 log "GET /api/annonces/ HTTP/1.1" 200 2
INFO 2026-05-05 15:29:48,330 log "GET / HTTP/1.1" 200 22789
INFO 2026-05-05 15:29:48,392 log "GET /api/annonces/ HTTP/1.1" 200 2
INFO 2026-05-05 15:31:29,423 log "GET / HTTP/1.1" 200 22791
INFO 2026-05-05 15:31:29,801 log "GET /api/annonces/ HTTP/1.1" 200 2
INFO 2026-05-05 15:35:54,771 log "GET / HTTP/1.1" 200 22801
INFO 2026-05-05 15:35:54,868 log "GET /api/annonces/ HTTP/1.1" 200 2
INFO 2026-05-05 15:36:24,603 log "GET / HTTP/1.1" 200 22804
INFO 2026-05-05 15:36:24,656 log "GET /api/annonces/ HTTP/1.1" 200 2
INFO 2026-05-05 15:41:02,332 log "GET / HTTP/1.1" 200 22812
INFO 2026-05-05 15:41:02,519 log "GET /api/annonces/ HTTP/1.1" 200 2
INFO 2026-05-05 15:41:42,358 log "GET / HTTP/1.1" 200 22806
INFO 2026-05-05 15:41:42,418 log "GET /api/annonces/ HTTP/1.1" 200 2
INFO 2026-05-05 15:42:35,998 log "GET / HTTP/1.1" 200 22819
INFO 2026-05-05 15:42:36,132 log "GET /api/annonces/ HTTP/1.1" 200 2
INFO 2026-05-05 15:43:08,052 log "GET / HTTP/1.1" 200 22820
INFO 2026-05-05 15:43:08,172 log "GET /api/annonces/ HTTP/1.1" 200 2
INFO 2026-05-05 15:45:36,904 log "GET / HTTP/1.1" 200 22827
INFO 2026-05-05 15:45:36,973 log "GET /api/annonces/ HTTP/1.1" 200 2
INFO 2026-05-05 15:46:03,051 log "GET / HTTP/1.1" 200 22823
INFO 2026-05-05 15:46:03,121 log "GET /api/annonces/ HTTP/1.1" 200 2
INFO 2026-05-05 15:46:41,760 log "GET / HTTP/1.1" 200 22820
INFO 2026-05-05 15:46:41,809 log "GET /api/annonces/ HTTP/1.1" 200 2
INFO 2026-05-05 15:49:14,509 log "GET / HTTP/1.1" 200 22851
INFO 2026-05-05 15:49:14,573 log "GET /api/annonces/ HTTP/1.1" 200 2
INFO 2026-05-05 15:50:15,561 log "GET / HTTP/1.1" 200 22850
INFO 2026-05-05 15:50:15,627 log "GET /api/annonces/ HTTP/1.1" 200 2
INFO 2026-05-05 15:52:23,118 log "GET / HTTP/1.1" 200 22851
INFO 2026-05-05 15:52:23,305 log "GET /api/annonces/ HTTP/1.1" 200 2
INFO 2026-05-05 15:53:03,293 log "GET / HTTP/1.1" 200 22851
INFO 2026-05-05 15:53:03,351 log "GET /api/annonces/ HTTP/1.1" 200 2
INFO 2026-05-05 15:53:34,802 log "GET / HTTP/1.1" 200 22850
INFO 2026-05-05 15:53:34,929 log "GET /api/annonces/ HTTP/1.1" 200 2
INFO 2026-05-05 15:57:55,069 log "GET / HTTP/1.1" 200 22850
INFO 2026-05-05 15:57:55,137 log "GET /api/annonces/ HTTP/1.1" 200 2
INFO 2026-05-05 16:01:06,939 log "GET / HTTP/1.1" 200 22865
INFO 2026-05-05 16:01:07,101 log "GET /api/annonces/ HTTP/1.1" 200 2
INFO 2026-05-05 16:02:30,402 log "GET / HTTP/1.1" 200 22879
INFO 2026-05-05 16:02:30,516 log "GET /api/annonces/ HTTP/1.1" 200 2
INFO 2026-05-05 16:04:36,910 log "GET / HTTP/1.1" 200 22881
INFO 2026-05-05 16:04:37,049 log "GET /api/annonces/ HTTP/1.1" 200 2
INFO 2026-05-05 16:07:11,862 log "GET / HTTP/1.1" 200 22888
INFO 2026-05-05 16:07:11,991 log "GET /api/annonces/ HTTP/1.1" 200 2
INFO 2026-05-05 16:10:06,413 log "GET / HTTP/1.1" 200 22932
INFO 2026-05-05 16:10:06,603 log "GET /api/annonces/ HTTP/1.1" 200 2
INFO 2026-05-05 16:19:20,554 log "GET / HTTP/1.1" 200 22932
INFO 2026-05-05 16:19:20,667 log "GET /api/annonces/ HTTP/1.1" 200 2
INFO 2026-05-05 16:19:52,038 log "GET /admin-cabinet-bou-2024/ HTTP/1.1" 302 0
INFO 2026-05-05 16:19:52,394 log "GET /accounts/login/?next=/admin-cabinet-bou-2024/ HTTP/1.1" 200 3124
INFO 2026-05-05 16:20:04,558 log "POST /accounts/login/?next=/admin-cabinet-bou-2024/ HTTP/1.1" 302 0
INFO 2026-05-05 16:20:04,603 log "GET /admin-cabinet-bou-2024/ HTTP/1.1" 200 23043
INFO 2026-05-05 16:20:04,743 log "GET /api/annonces/ HTTP/1.1" 200 2
INFO 2026-05-05 16:24:13,477 log "POST /api/annonces/creer/ HTTP/1.1" 200 31
INFO 2026-05-05 16:24:13,529 log "GET /api/annonces/ HTTP/1.1" 200 481
INFO 2026-05-05 16:24:13,575 log "GET /media/annonces/images/TERRAIN222-818x540.jpeg HTTP/1.1" 200 74576
INFO 2026-05-05 16:24:44,142 log "GET / HTTP/1.1" 200 22932
INFO 2026-05-05 16:24:44,245 log "GET /api/annonces/ HTTP/1.1" 200 481
INFO 2026-05-05 16:24:44,604 log "GET /media/annonces/images/TERRAIN222-818x540.jpeg HTTP/1.1" 304 0
INFO 2026-05-05 16:24:48,716 log "GET /media/annonces/images/c0615957abfef51c1551d43276213499.jpg HTTP/1.1" 200 51690
INFO 2026-05-05 16:24:48,732 log "GET /media/annonces/images/WhatsApp-Image-2021-09-21-at-17.01.37-818x540.jpeg HTTP/1.1" 200 107292
INFO 2026-05-05 16:38:00,806 log "GET / HTTP/1.1" 200 23121
INFO 2026-05-05 16:38:01,187 log "GET /api/annonces/ HTTP/1.1" 200 481
INFO 2026-05-05 16:38:01,251 log "GET /media/annonces/images/TERRAIN222-818x540.jpeg HTTP/1.1" 304 0
INFO 2026-05-05 16:38:04,244 log "GET /media/annonces/images/WhatsApp-Image-2021-09-21-at-17.01.37-818x540.jpeg HTTP/1.1" 304 0
INFO 2026-05-05 16:38:04,245 log "GET /media/annonces/images/c0615957abfef51c1551d43276213499.jpg HTTP/1.1" 304 0
INFO 2026-05-05 16:47:23,334 log "GET / HTTP/1.1" 200 23121
INFO 2026-05-05 16:47:23,502 log "GET /api/annonces/ HTTP/1.1" 200 481
INFO 2026-05-05 16:47:23,573 log "GET /media/annonces/images/TERRAIN222-818x540.jpeg HTTP/1.1" 304 0
INFO 2026-05-05 16:47:27,248 log "GET /media/annonces/images/c0615957abfef51c1551d43276213499.jpg HTTP/1.1" 304 0
INFO 2026-05-05 16:47:27,248 log "GET /media/annonces/images/WhatsApp-Image-2021-09-21-at-17.01.37-818x540.jpeg HTTP/1.1" 304 0
INFO 2026-05-05 16:58:28,766 log "GET / HTTP/1.1" 200 23121
INFO 2026-05-05 16:58:28,890 log "GET /api/annonces/ HTTP/1.1" 200 481
INFO 2026-05-05 16:58:28,982 log "GET /media/annonces/images/TERRAIN222-818x540.jpeg HTTP/1.1" 304 0
INFO 2026-05-05 16:58:31,934 log "GET /media/annonces/images/c0615957abfef51c1551d43276213499.jpg HTTP/1.1" 304 0
INFO 2026-05-05 16:58:31,934 log "GET /media/annonces/images/WhatsApp-Image-2021-09-21-at-17.01.37-818x540.jpeg HTTP/1.1" 304 0
INFO 2026-05-05 16:58:36,745 log "GET / HTTP/1.1" 200 23121
INFO 2026-05-05 16:58:36,814 log "GET /api/annonces/ HTTP/1.1" 200 481
INFO 2026-05-05 16:58:56,886 log "GET /admin-cabinet-bou-2024/ HTTP/1.1" 200 23232
INFO 2026-05-05 16:58:57,047 log "GET /api/annonces/ HTTP/1.1" 200 481
INFO 2026-05-05 16:59:04,304 log "POST /api/annonces/A001/modifier/ HTTP/1.1" 200 17
INFO 2026-05-05 16:59:04,335 log "GET /api/annonces/ HTTP/1.1" 200 481
INFO 2026-05-05 16:59:27,422 log "GET / HTTP/1.1" 200 23121
INFO 2026-05-05 16:59:27,853 log "GET /api/annonces/ HTTP/1.1" 200 481
INFO 2026-05-05 16:59:28,845 log "GET /admin-cabinet-bou-2024/ HTTP/1.1" 200 23232
INFO 2026-05-05 16:59:28,963 log "GET /api/annonces/ HTTP/1.1" 200 481
INFO 2026-05-05 17:00:32,754 log "POST /api/annonces/creer/ HTTP/1.1" 200 31
INFO 2026-05-05 17:00:32,804 log "GET /api/annonces/ HTTP/1.1" 200 871
INFO 2026-05-05 17:00:32,848 log "GET /media/annonces/images/3878315687202727468095045239721339223342597n.png HTTP/1.1" 200 428617
INFO 2026-05-05 17:00:39,718 log "GET /media/annonces/images/photo_1757580131.jpg HTTP/1.1" 200 474545
INFO 2026-05-05 17:02:20,540 log "GET /admin-cabinet-bou-2024/ HTTP/1.1" 200 23232
INFO 2026-05-05 17:02:20,661 log "GET /api/annonces/ HTTP/1.1" 200 871
INFO 2026-05-05 17:02:20,705 log "GET /media/annonces/images/TERRAIN222-818x540.jpeg HTTP/1.1" 304 0
INFO 2026-05-05 17:02:20,706 log "GET /media/annonces/images/3878315687202727468095045239721339223342597n.png HTTP/1.1" 304 0
INFO 2026-05-05 17:02:25,011 log "GET /media/annonces/images/photo_1757580131.jpg HTTP/1.1" 304 0
INFO 2026-05-05 17:06:31,631 log "GET /admin-cabinet-bou-2024/ HTTP/1.1" 200 23232
INFO 2026-05-05 17:06:31,773 log "GET /api/annonces/ HTTP/1.1" 200 871
INFO 2026-05-05 17:06:31,793 log "GET /media/annonces/images/TERRAIN222-818x540.jpeg HTTP/1.1" 304 0
INFO 2026-05-05 17:06:31,814 log "GET /media/annonces/images/3878315687202727468095045239721339223342597n.png HTTP/1.1" 304 0
INFO 2026-05-05 17:06:36,324 log "GET /media/annonces/images/photo_1757580131.jpg HTTP/1.1" 304 0
INFO 2026-05-05 17:09:59,016 log "GET /admin-cabinet-bou-2024/ HTTP/1.1" 200 23232
INFO 2026-05-05 17:09:59,217 log "GET /api/annonces/ HTTP/1.1" 200 871
INFO 2026-05-05 17:09:59,410 log "GET /media/annonces/images/3878315687202727468095045239721339223342597n.png HTTP/1.1" 304 0
INFO 2026-05-05 17:10:04,701 log "GET /media/annonces/images/photo_1757580131.jpg HTTP/1.1" 304 0
INFO 2026-05-05 17:10:16,942 log "GET / HTTP/1.1" 200 23121
INFO 2026-05-05 17:10:17,061 log "GET /api/annonces/ HTTP/1.1" 200 871
INFO 2026-05-05 17:10:18,109 log "GET /admin-cabinet-bou-2024/ HTTP/1.1" 200 23232
INFO 2026-05-05 17:10:18,190 log "GET /api/annonces/ HTTP/1.1" 200 871
INFO 2026-05-05 17:10:25,571 log "POST /api/annonces/A002/modifier/ HTTP/1.1" 200 17
INFO 2026-05-05 17:10:25,592 log "GET /api/annonces/ HTTP/1.1" 200 871
INFO 2026-05-05 17:10:58,098 log "GET / HTTP/1.1" 200 23121
INFO 2026-05-05 17:10:58,209 log "GET /api/annonces/ HTTP/1.1" 200 871
INFO 2026-05-05 17:10:58,497 log "GET /media/annonces/images/TERRAIN222-818x540.jpeg HTTP/1.1" 304 0
INFO 2026-05-05 17:10:58,497 log "GET /media/annonces/images/3878315687202727468095045239721339223342597n.png HTTP/1.1" 304 0
INFO 2026-05-05 17:11:01,383 log "GET /admin-cabinet-bou-2024/ HTTP/1.1" 200 23232
INFO 2026-05-05 17:11:01,529 log "GET /api/annonces/ HTTP/1.1" 200 871
INFO 2026-05-05 17:11:13,051 log "DELETE /api/annonces/A002/supprimer/ HTTP/1.1" 200 17
INFO 2026-05-05 17:11:13,082 log "GET /api/annonces/ HTTP/1.1" 200 481
INFO 2026-05-05 17:12:00,811 log "POST /api/annonces/creer/ HTTP/1.1" 200 31
INFO 2026-05-05 17:12:00,963 log "GET /api/annonces/ HTTP/1.1" 200 878
INFO 2026-05-05 17:12:00,993 log "GET /media/annonces/images/3878315687202727468095045239721339223342597n.png HTTP/1.1" 200 428617
INFO 2026-05-05 17:12:07,503 log "GET /media/annonces/images/photo_1757580131_kYPwMgp.jpg HTTP/1.1" 200 474545
INFO 2026-05-05 17:21:30,481 autoreload Watching for file changes with StatReloader
INFO 2026-05-05 17:21:38,366 log "GET / HTTP/1.1" 200 23121
INFO 2026-05-05 17:21:38,560 log "GET /api/annonces/ HTTP/1.1" 200 878
INFO 2026-05-05 17:21:39,063 log "GET /media/annonces/images/TERRAIN222-818x540.jpeg HTTP/1.1" 304 0
INFO 2026-05-05 17:21:39,063 log "GET /media/annonces/images/3878315687202727468095045239721339223342597n.png HTTP/1.1" 304 0
INFO 2026-05-05 17:21:44,056 log "GET /media/annonces/images/photo_1757580131_kYPwMgp.jpg HTTP/1.1" 304 0
INFO 2026-05-05 17:26:33,483 log "GET / HTTP/1.1" 200 23121
INFO 2026-05-05 17:26:33,589 log "GET /api/annonces/ HTTP/1.1" 200 878
INFO 2026-05-05 17:26:33,631 log "GET /media/annonces/images/3878315687202727468095045239721339223342597n.png HTTP/1.1" 304 0
INFO 2026-05-05 17:26:35,356 log "GET /media/annonces/images/photo_1757580131_kYPwMgp.jpg HTTP/1.1" 304 0
INFO 2026-05-05 17:33:23,099 log "GET / HTTP/1.1" 200 23121
INFO 2026-05-05 17:33:23,195 log "GET /api/annonces/ HTTP/1.1" 200 878
INFO 2026-05-05 17:33:23,237 log "GET /media/annonces/images/TERRAIN222-818x540.jpeg HTTP/1.1" 304 0
INFO 2026-05-05 17:33:23,237 log "GET /media/annonces/images/3878315687202727468095045239721339223342597n.png HTTP/1.1" 304 0
INFO 2026-05-05 17:33:26,073 log "GET /media/annonces/images/photo_1757580131_kYPwMgp.jpg HTTP/1.1" 304 0
INFO 2026-05-05 17:34:29,403 autoreload Watching for file changes with StatReloader
INFO 2026-05-05 17:34:33,466 log "GET / HTTP/1.1" 200 23121
INFO 2026-05-05 17:34:34,267 log "GET /api/annonces/ HTTP/1.1" 200 878
INFO 2026-05-05 17:37:20,402 autoreload Watching for file changes with StatReloader
INFO 2026-05-05 17:37:24,256 log "GET / HTTP/1.1" 200 23121
INFO 2026-05-05 17:37:25,255 log "GET /api/annonces/ HTTP/1.1" 200 878
INFO 2026-05-05 17:37:25,345 log "GET /media/annonces/images/3878315687202727468095045239721339223342597n.png HTTP/1.1" 304 0
INFO 2026-05-05 17:37:28,860 log "GET /media/annonces/images/photo_1757580131_kYPwMgp.jpg HTTP/1.1" 304 0
INFO 2026-05-05 17:40:35,564 autoreload Watching for file changes with StatReloader
INFO 2026-05-05 17:40:45,606 log "GET / HTTP/1.1" 200 23121
INFO 2026-05-05 17:40:46,451 log "GET /api/annonces/ HTTP/1.1" 200 878
INFO 2026-05-05 17:40:46,539 log "GET /media/annonces/images/TERRAIN222-818x540.jpeg HTTP/1.1" 304 0
INFO 2026-05-05 17:40:46,549 log "GET /media/annonces/images/3878315687202727468095045239721339223342597n.png HTTP/1.1" 304 0
INFO 2026-05-05 17:40:50,355 log "GET /media/annonces/images/photo_1757580131_kYPwMgp.jpg HTTP/1.1" 304 0
INFO 2026-05-05 17:41:01,365 log "GET / HTTP/1.1" 200 23121
INFO 2026-05-05 17:41:01,692 log "GET /api/annonces/ HTTP/1.1" 200 878
WARNING 2026-05-05 17:44:16,827 log Not Found: /.well-known/appspecific/com.chrome.devtools.json
WARNING 2026-05-05 17:44:16,827 log "GET /.well-known/appspecific/com.chrome.devtools.json HTTP/1.1" 404 4912
INFO 2026-05-05 17:44:59,001 log "GET / HTTP/1.1" 200 23121
WARNING 2026-05-05 17:44:59,385 log Not Found: /.well-known/appspecific/com.chrome.devtools.json
WARNING 2026-05-05 17:44:59,387 log "GET /.well-known/appspecific/com.chrome.devtools.json HTTP/1.1" 404 4912
INFO 2026-05-05 17:44:59,445 log "GET /static/annonces/images/Logo_Cabinet.jpeg HTTP/1.1" 200 48890
INFO 2026-05-05 17:44:59,454 log "GET /static/annonces/css/style.css HTTP/1.1" 200 31648
INFO 2026-05-05 17:44:59,518 log "GET /static/annonces/js/script.js HTTP/1.1" 200 34459
INFO 2026-05-05 17:44:59,900 log "GET /api/annonces/ HTTP/1.1" 200 878
INFO 2026-05-05 17:45:00,106 log "GET /media/annonces/images/TERRAIN222-818x540.jpeg HTTP/1.1" 200 74576
INFO 2026-05-05 17:45:00,165 log "GET /media/annonces/images/3878315687202727468095045239721339223342597n.png HTTP/1.1" 200 428617
INFO 2026-05-05 17:45:03,610 log "GET /media/annonces/images/TERRAIN222-818x540.jpeg HTTP/1.1" 200 74576
INFO 2026-05-05 17:45:03,667 log "GET /media/annonces/images/c0615957abfef51c1551d43276213499.jpg HTTP/1.1" 200 51690
INFO 2026-05-05 17:45:03,685 log "GET /media/annonces/images/WhatsApp-Image-2021-09-21-at-17.01.37-818x540.jpeg HTTP/1.1" 200 107292
INFO 2026-05-05 17:45:18,151 log "GET / HTTP/1.1" 200 23121
WARNING 2026-05-05 17:45:18,320 log Not Found: /.well-known/appspecific/com.chrome.devtools.json
INFO 2026-05-05 17:45:18,325 log "GET /static/annonces/css/style.css HTTP/1.1" 200 31648
INFO 2026-05-05 17:45:18,328 log "GET /static/annonces/js/script.js HTTP/1.1" 200 34459
INFO 2026-05-05 17:45:18,328 log "GET /static/annonces/images/Logo_Cabinet.jpeg HTTP/1.1" 200 48890
WARNING 2026-05-05 17:45:18,330 log "GET /.well-known/appspecific/com.chrome.devtools.json HTTP/1.1" 404 4912
INFO 2026-05-05 17:45:18,661 log "GET /api/annonces/ HTTP/1.1" 200 878
INFO 2026-05-05 17:45:18,962 log "GET /media/annonces/images/TERRAIN222-818x540.jpeg HTTP/1.1" 200 74576
INFO 2026-05-05 17:45:18,978 log "GET /media/annonces/images/3878315687202727468095045239721339223342597n.png HTTP/1.1" 200 428617
INFO 2026-05-05 17:45:38,377 log "GET /media/annonces/images/photo_1757580131_kYPwMgp.jpg HTTP/1.1" 304 0
INFO 2026-05-05 17:46:42,846 log "GET / HTTP/1.1" 200 23121
INFO 2026-05-05 17:46:42,956 log "GET /api/annonces/ HTTP/1.1" 200 878
WARNING 2026-05-05 17:47:02,452 log Not Found: /.well-known/appspecific/com.chrome.devtools.json
WARNING 2026-05-05 17:47:02,453 log "GET /.well-known/appspecific/com.chrome.devtools.json HTTP/1.1" 404 4912
INFO 2026-05-05 17:47:06,181 log "GET / HTTP/1.1" 200 23121
INFO 2026-05-05 17:47:06,270 log "GET /static/annonces/css/style.css HTTP/1.1" 200 31648
INFO 2026-05-05 17:47:06,272 log "GET /static/annonces/images/Logo_Cabinet.jpeg HTTP/1.1" 200 48890
INFO 2026-05-05 17:47:06,315 log "GET /static/annonces/js/script.js HTTP/1.1" 200 34453
WARNING 2026-05-05 17:47:06,362 log Not Found: /.well-known/appspecific/com.chrome.devtools.json
WARNING 2026-05-05 17:47:06,365 log "GET /.well-known/appspecific/com.chrome.devtools.json HTTP/1.1" 404 4912
INFO 2026-05-05 17:47:07,034 log "GET /api/annonces/ HTTP/1.1" 200 878
INFO 2026-05-05 17:47:07,090 log "GET /media/annonces/images/TERRAIN222-818x540.jpeg HTTP/1.1" 200 74576
INFO 2026-05-05 17:47:07,104 log "GET /media/annonces/images/3878315687202727468095045239721339223342597n.png HTTP/1.1" 200 428617
INFO 2026-05-05 17:47:10,377 log "GET /media/annonces/images/3878315687202727468095045239721339223342597n.png HTTP/1.1" 200 428617
INFO 2026-05-05 17:47:10,424 log "GET /media/annonces/images/photo_1757580131_kYPwMgp.jpg HTTP/1.1" 200 474545
INFO 2026-05-05 17:51:37,159 log "GET / HTTP/1.1" 200 23141
INFO 2026-05-05 17:51:37,245 log "GET /static/annonces/css/style.css HTTP/1.1" 200 31648
INFO 2026-05-05 17:51:37,251 log "GET /static/annonces/images/Logo_Cabinet.jpeg HTTP/1.1" 200 48890
INFO 2026-05-05 17:51:37,253 log "GET /static/annonces/js/script.js HTTP/1.1" 200 34453
WARNING 2026-05-05 17:51:37,300 log Not Found: /.well-known/appspecific/com.chrome.devtools.json
WARNING 2026-05-05 17:51:37,301 log "GET /.well-known/appspecific/com.chrome.devtools.json HTTP/1.1" 404 4912
INFO 2026-05-05 17:51:37,654 log "GET /api/annonces/ HTTP/1.1" 200 878
INFO 2026-05-05 17:51:38,587 log "GET /media/annonces/images/TERRAIN222-818x540.jpeg HTTP/1.1" 200 74576
INFO 2026-05-05 17:51:38,591 log "GET /media/annonces/images/3878315687202727468095045239721339223342597n.png HTTP/1.1" 200 428617
INFO 2026-05-05 18:01:54,155 log "GET / HTTP/1.1" 200 23141
INFO 2026-05-05 18:01:54,224 log "GET /static/annonces/js/script.js HTTP/1.1" 304 0
INFO 2026-05-05 18:01:54,681 log "GET /api/annonces/ HTTP/1.1" 200 878
INFO 2026-05-05 18:01:54,731 log "GET /media/annonces/images/TERRAIN222-818x540.jpeg HTTP/1.1" 304 0
INFO 2026-05-05 18:01:54,732 log "GET /media/annonces/images/3878315687202727468095045239721339223342597n.png HTTP/1.1" 304 0
INFO 2026-05-05 18:02:35,596 log "GET / HTTP/1.1" 200 23141
INFO 2026-05-05 18:02:35,711 log "GET /api/annonces/ HTTP/1.1" 200 878
INFO 2026-05-05 18:02:41,800 log "GET / HTTP/1.1" 200 23141
INFO 2026-05-05 18:02:41,901 log "GET /api/annonces/ HTTP/1.1" 200 878
INFO 2026-05-05 18:02:43,734 log "GET / HTTP/1.1" 200 23141
INFO 2026-05-05 18:02:43,791 log "GET /api/annonces/ HTTP/1.1" 200 878
INFO 2026-05-05 18:02:48,574 log "GET / HTTP/1.1" 200 23141
INFO 2026-05-05 18:02:48,646 log "GET /api/annonces/ HTTP/1.1" 200 878
INFO 2026-05-05 18:02:50,443 log "GET / HTTP/1.1" 200 23141
INFO 2026-05-05 18:02:50,500 log "GET /api/annonces/ HTTP/1.1" 200 878
INFO 2026-05-05 18:03:17,799 log "GET / HTTP/1.1" 200 23141
INFO 2026-05-05 18:03:18,610 log "GET /api/annonces/ HTTP/1.1" 200 878
INFO 2026-05-05 18:18:43,756 log "GET / HTTP/1.1" 200 23178
INFO 2026-05-05 18:18:43,847 log "GET /static/annonces/js/script.js HTTP/1.1" 304 0
INFO 2026-05-05 18:18:44,018 log "GET /api/annonces/ HTTP/1.1" 200 878
INFO 2026-05-05 18:18:44,235 log "GET /media/annonces/images/TERRAIN222-818x540.jpeg HTTP/1.1" 304 0
INFO 2026-05-05 18:18:44,235 log "GET /media/annonces/images/3878315687202727468095045239721339223342597n.png HTTP/1.1" 304 0
WARNING 2026-05-05 18:19:00,509 log Not Found: /.well-known/appspecific/com.chrome.devtools.json
WARNING 2026-05-05 18:19:00,511 log "GET /.well-known/appspecific/com.chrome.devtools.json HTTP/1.1" 404 4912
INFO 2026-05-05 18:19:05,680 log "GET / HTTP/1.1" 200 23178
INFO 2026-05-05 18:19:05,768 log "GET /static/annonces/images/Logo_Cabinet.jpeg HTTP/1.1" 200 48890
INFO 2026-05-05 18:19:05,785 log "GET /static/annonces/css/style.css HTTP/1.1" 200 31648
INFO 2026-05-05 18:19:05,835 log "GET /static/annonces/js/script.js HTTP/1.1" 200 34453
WARNING 2026-05-05 18:19:05,859 log Not Found: /.well-known/appspecific/com.chrome.devtools.json
WARNING 2026-05-05 18:19:05,861 log "GET /.well-known/appspecific/com.chrome.devtools.json HTTP/1.1" 404 4912
INFO 2026-05-05 18:19:06,059 log "GET /api/annonces/ HTTP/1.1" 200 878
INFO 2026-05-05 18:19:06,427 log "GET /media/annonces/images/TERRAIN222-818x540.jpeg HTTP/1.1" 200 74576
INFO 2026-05-05 18:19:06,439 log "GET /media/annonces/images/3878315687202727468095045239721339223342597n.png HTTP/1.1" 200 428617
INFO 2026-05-05 18:23:50,282 log "GET / HTTP/1.1" 200 23210
INFO 2026-05-05 18:23:50,349 log "GET /static/annonces/css/style.css HTTP/1.1" 200 31648
INFO 2026-05-05 18:23:50,359 log "GET /static/annonces/images/Logo_Cabinet.jpeg HTTP/1.1" 200 48890
INFO 2026-05-05 18:23:50,371 log "GET /static/annonces/js/script.js HTTP/1.1" 200 34453
WARNING 2026-05-05 18:23:50,412 log Not Found: /.well-known/appspecific/com.chrome.devtools.json
WARNING 2026-05-05 18:23:50,414 log "GET /.well-known/appspecific/com.chrome.devtools.json HTTP/1.1" 404 4912
INFO 2026-05-05 18:23:50,731 log "GET /api/annonces/ HTTP/1.1" 200 878
INFO 2026-05-05 18:23:51,055 log "GET /media/annonces/images/TERRAIN222-818x540.jpeg HTTP/1.1" 200 74576
INFO 2026-05-05 18:23:51,059 log "GET /media/annonces/images/3878315687202727468095045239721339223342597n.png HTTP/1.1" 200 428617
INFO 2026-05-05 18:26:36,941 log "GET /media/annonces/images/3878315687202727468095045239721339223342597n.png HTTP/1.1" 200 428617
INFO 2026-05-05 18:26:37,677 log "GET /media/annonces/images/TERRAIN222-818x540.jpeg HTTP/1.1" 200 74576
INFO 2026-05-05 18:35:47,241 log "GET / HTTP/1.1" 200 23426
INFO 2026-05-05 18:35:47,307 log "GET /static/annonces/js/script.js HTTP/1.1" 304 0
INFO 2026-05-05 18:35:47,409 log "GET /api/annonces/ HTTP/1.1" 200 878
INFO 2026-05-05 18:35:47,474 log "GET /media/annonces/images/3878315687202727468095045239721339223342597n.png HTTP/1.1" 304 0
INFO 2026-05-05 18:36:25,195 log "GET / HTTP/1.1" 200 23425
INFO 2026-05-05 18:36:25,678 log "GET /api/annonces/ HTTP/1.1" 200 878
INFO 2026-06-06 05:30:48,994 autoreload Watching for file changes with StatReloader
INFO 2026-06-06 05:31:41,786 log "GET / HTTP/1.1" 200 23425
INFO 2026-06-06 05:31:50,153 log "GET /static/annonces/images/Logo_Cabinet.jpeg HTTP/1.1" 200 48890
INFO 2026-06-06 05:31:52,583 log "GET /static/annonces/js/script.js HTTP/1.1" 200 34453
INFO 2026-06-06 05:31:54,243 log "GET /static/annonces/css/style.css HTTP/1.1" 200 31648
INFO 2026-06-06 05:32:03,955 log "GET /api/annonces/ HTTP/1.1" 200 878
INFO 2026-06-06 05:32:05,638 log "GET /media/annonces/images/TERRAIN222-818x540.jpeg HTTP/1.1" 200 74576
INFO 2026-06-06 05:32:05,867 log "GET /media/annonces/images/3878315687202727468095045239721339223342597n.png HTTP/1.1" 200 428617
INFO 2026-06-06 05:53:41,999 log "GET / HTTP/1.1" 200 23364
INFO 2026-06-06 05:54:03,980 log "GET /api/annonces/ HTTP/1.1" 200 878
INFO 2026-06-06 06:25:43,211 basehttp - Broken pipe from ('127.0.0.1', 58909)
INFO 2026-06-06 06:39:51,848 autoreload Watching for file changes with StatReloader
INFO 2026-06-06 07:05:50,919 autoreload Watching for file changes with StatReloader
